<?xml version="1.0" encoding="utf-8"?>
<TestRun id="af00147a-5bfe-41e8-864a-508be89116f6" name="@vm 2026-09-17 16:20:15" xmlns="http://microsoft.com/schemas/VisualStudio/TeamTest/2010">
  <Times creation="2026-09-17T16:20:15.8666653+00:00" queuing="2026-09-17T16:20:15.8666653+00:00" start="2026-09-17T16:20:09.2607595+00:00" finish="2026-09-17T16:20:21.6996561+00:00" />
  <TestSettings name="default" id="75753d48-fe46-4ca1-9c46-1fedae950dd2">
    <Deployment runDeploymentRoot="_vm_2026-09-17_16_20_15" />
  </TestSettings>
  <Results>
    <UnitTestResult executionId="5de86fbe-1982-47b3-953a-172ff186deb2" testId="c3fdfe13-0436-a40c-81d1-b7a99e777777" testName="Tawaka.Ui.Tests.ModuleRenderTests.Every_module_renders_from_its_route(route: &quot;projects&quot;, heading: &quot;Projects&quot;)" computerName="vm" duration="00:00:00.5721305" startTime="2026-09-17T16:20:16.3935856+00:00" endTime="2026-09-17T16:20:16.3935860+00:00" testType="13cdc9d9-ddb5-4fa4-a97d-d965ccfc6d4b" outcome="Failed" testListId="8c84fa94-04c1-424b-9868-57a2d4851a1d" relativeResultsDirectory="5de86fbe-1982-47b3-953a-172ff186deb2">
      <Output>
        <ErrorInfo>
          <Message>System.NotSupportedException : SQLite does not support expressions of type 'DateTimeOffset' in ORDER BY clauses. Convert the values to a supported type, or use LINQ to Objects to order the results on the client side.</Message>
          <StackTrace>   at Microsoft.EntityFrameworkCore.Sqlite.Query.Internal.SqliteQueryableMethodTranslatingExpressionVisitor.TranslateOrderBy(ShapedQueryExpression source, LambdaExpression keySelector, Boolean ascending)
   at Microsoft.EntityFrameworkCore.Query.QueryableMethodTranslatingExpressionVisitor.VisitMethodCall(MethodCallExpression methodCallExpression)
   at Microsoft.EntityFrameworkCore.Query.RelationalQueryableMethodTranslatingExpressionVisitor.VisitMethodCall(MethodCallExpression methodCallExpression)
   at Microsoft.EntityFrameworkCore.Query.QueryableMethodTranslatingExpressionVisitor.VisitMethodCall(MethodCallExpression methodCallExpression)
   at Microsoft.EntityFrameworkCore.Query.RelationalQueryableMethodTranslatingExpressionVisitor.VisitMethodCall(MethodCallExpression methodCallExpression)
   at Microsoft.EntityFrameworkCore.Query.QueryableMethodTranslatingExpressionVisitor.VisitMethodCall(MethodCallExpression methodCallExpression)
   at Microsoft.EntityFrameworkCore.Query.RelationalQueryableMethodTranslatingExpressionVisitor.VisitMethodCall(MethodCallExpression methodCallExpression)
   at Microsoft.EntityFrameworkCore.Query.QueryableMethodTranslatingExpressionVisitor.VisitMethodCall(MethodCallExpression methodCallExpression)
   at Microsoft.EntityFrameworkCore.Query.RelationalQueryableMethodTranslatingExpressionVisitor.VisitMethodCall(MethodCallExpression methodCallExpression)
   at Microsoft.EntityFrameworkCore.Query.QueryableMethodTranslatingExpressionVisitor.Translate(Expression expression)
   at Microsoft.EntityFrameworkCore.Query.RelationalQueryableMethodTranslatingExpressionVisitor.Translate(Expression expression)
   at Microsoft.EntityFrameworkCore.Query.QueryCompilationContext.CreateQueryExecutor[TResult](Expression query)
   at Microsoft.EntityFrameworkCore.Storage.Database.CompileQuery[TResult](Expression query, Boolean async)
   at Microsoft.EntityFrameworkCore.Query.Internal.QueryCompiler.CompileQueryCore[TResult](IDatabase database, Expression query, IModel model, Boolean async)
   at Microsoft.EntityFrameworkCore.Query.Internal.QueryCompiler.&lt;&gt;c__DisplayClass12_0`1.&lt;ExecuteAsync&gt;b__0()
   at Microsoft.EntityFrameworkCore.Query.Internal.CompiledQueryCache.GetOrAddQuery[TResult](Object cacheKey, Func`1 compiler)
   at Microsoft.EntityFrameworkCore.Query.Internal.QueryCompiler.ExecuteAsync[TResult](Expression query, CancellationToken cancellationToken)
   at Microsoft.EntityFrameworkCore.Query.Internal.EntityQueryProvider.ExecuteAsync[TResult](Expression expression, CancellationToken cancellationToken)
   at Microsoft.EntityFrameworkCore.EntityFrameworkQueryableExtensions.ExecuteAsync[TSource,TResult](MethodInfo operatorMethodInfo, IQueryable`1 source, Expression expression, CancellationToken cancellationToken)
   at Microsoft.EntityFrameworkCore.EntityFrameworkQueryableExtensions.ExecuteAsync[TSource,TResult](MethodInfo operatorMethodInfo, IQueryable`1 source, CancellationToken cancellationToken)
   at Microsoft.EntityFrameworkCore.EntityFrameworkQueryableExtensions.FirstOrDefaultAsync[TSource](IQueryable`1 source, CancellationToken cancellationToken)
   at Tawaka.Application.Administration.DashboardService.BuildAsync(CancellationToken cancellationToken) in /home/user/Tawaka-Payroll/src/Tawaka.Application/Administration/DashboardService.cs:line 115
   at Tawaka.Ui.Shared.Components.Pages.Dashboard.OnInitializedAsync() in /home/user/Tawaka-Payroll/src/Tawaka.Ui.Shared/Components/Pages/Dashboard.razor:line 240
   at Microsoft.AspNetCore.Components.ComponentBase.RunInitAndSetParametersAsync()
   at Bunit.Rendering.TestRenderer.AssertNoUnhandledExceptions() in /_/src/bunit.core/Rendering/TestRenderer.cs:line 708
   at Bunit.Rendering.TestRenderer.Render[TResult](RenderFragment renderFragment, Func`2 activator) in /_/src/bunit.core/Rendering/TestRenderer.cs:line 553
   at Bunit.Rendering.TestRenderer.RenderFragment(RenderFragment renderFragment) in /_/src/bunit.core/Rendering/TestRenderer.cs:line 116
   at Bunit.Extensions.TestContextBaseRenderExtensions.RenderInsideRenderTree(TestContextBase testContext, RenderFragment renderFragment) in /_/src/bunit.core/Extensions/TestContextBaseRenderExtensions.cs:line 43
   at Bunit.Extensions.TestContextBaseRenderExtensions.RenderInsideRenderTree[TComponent](TestContextBase testContext, RenderFragment renderFragment) in /_/src/bunit.core/Extensions/TestContextBaseRenderExtensions.cs:line 23
   at Bunit.TestContext.Render[TComponent](RenderFragment renderFragment) in /_/src/bunit.web/TestContext.cs:line 68
   at Bunit.TestContext.RenderComponent[TComponent](Action`1 parameterBuilder) in /_/src/bunit.web/TestContext.cs:line 54
   at Tawaka.Ui.Tests.ModuleRenderTests.Every_module_renders_from_its_route(String route, String heading) in /home/user/Tawaka-Payroll/tests/Tawaka.Ui.Tests/ModuleRenderTests.cs:line 38
   at InvokeStub_ModuleRenderTests.Every_module_renders_from_its_route(Object, Span`1)
   at System.Reflection.MethodBaseInvoker.InvokeWithFewArgs(Object obj, BindingFlags invokeAttr, Binder binder, Object[] parameters, CultureInfo culture)</StackTrace>
        </ErrorInfo>
      </Output>
    </UnitTestResult>
    <UnitTestResult executionId="01d1893c-3590-4144-9fac-e67d35c69c7e" testId="a46c5ffd-8bb7-a188-26c8-24b80db47c39" testName="Tawaka.Ui.Tests.ModuleRenderTests.Every_module_renders_from_its_route(route: &quot;statutory&quot;, heading: &quot;Statutory&quot;)" computerName="vm" duration="00:00:00.5964622" startTime="2026-09-17T16:20:20.3178205+00:00" endTime="2026-09-17T16:20:20.3178208+00:00" testType="13cdc9d9-ddb5-4fa4-a97d-d965ccfc6d4b" outcome="Failed" testListId="8c84fa94-04c1-424b-9868-57a2d4851a1d" relativeResultsDirectory="01d1893c-3590-4144-9fac-e67d35c69c7e">
      <Output>
        <ErrorInfo>
          <Message>System.NotSupportedException : SQLite does not support expressions of type 'DateTimeOffset' in ORDER BY clauses. Convert the values to a supported type, or use LINQ to Objects to order the results on the client side.</Message>
          <StackTrace>   at Microsoft.EntityFrameworkCore.Sqlite.Query.Internal.SqliteQueryableMethodTranslatingExpressionVisitor.TranslateOrderBy(ShapedQueryExpression source, LambdaExpression keySelector, Boolean ascending)
   at Microsoft.EntityFrameworkCore.Query.QueryableMethodTranslatingExpressionVisitor.VisitMethodCall(MethodCallExpression methodCallExpression)
   at Microsoft.EntityFrameworkCore.Query.RelationalQueryableMethodTranslatingExpressionVisitor.VisitMethodCall(MethodCallExpression methodCallExpression)
   at Microsoft.EntityFrameworkCore.Query.QueryableMethodTranslatingExpressionVisitor.VisitMethodCall(MethodCallExpression methodCallExpression)
   at Microsoft.EntityFrameworkCore.Query.RelationalQueryableMethodTranslatingExpressionVisitor.VisitMethodCall(MethodCallExpression methodCallExpression)
   at Microsoft.EntityFrameworkCore.Query.QueryableMethodTranslatingExpressionVisitor.VisitMethodCall(MethodCallExpression methodCallExpression)
   at Microsoft.EntityFrameworkCore.Query.RelationalQueryableMethodTranslatingExpressionVisitor.VisitMethodCall(MethodCallExpression methodCallExpression)
   at Microsoft.EntityFrameworkCore.Query.QueryableMethodTranslatingExpressionVisitor.VisitMethodCall(MethodCallExpression methodCallExpression)
   at Microsoft.EntityFrameworkCore.Query.RelationalQueryableMethodTranslatingExpressionVisitor.VisitMethodCall(MethodCallExpression methodCallExpression)
   at Microsoft.EntityFrameworkCore.Query.QueryableMethodTranslatingExpressionVisitor.Translate(Expression expression)
   at Microsoft.EntityFrameworkCore.Query.RelationalQueryableMethodTranslatingExpressionVisitor.Translate(Expression expression)
   at Microsoft.EntityFrameworkCore.Query.QueryCompilationContext.CreateQueryExecutor[TResult](Expression query)
   at Microsoft.EntityFrameworkCore.Storage.Database.CompileQuery[TResult](Expression query, Boolean async)
   at Microsoft.EntityFrameworkCore.Query.Internal.QueryCompiler.CompileQueryCore[TResult](IDatabase database, Expression query, IModel model, Boolean async)
   at Microsoft.EntityFrameworkCore.Query.Internal.QueryCompiler.&lt;&gt;c__DisplayClass12_0`1.&lt;ExecuteAsync&gt;b__0()
   at Microsoft.EntityFrameworkCore.Query.Internal.CompiledQueryCache.GetOrAddQuery[TResult](Object cacheKey, Func`1 compiler)
   at Microsoft.EntityFrameworkCore.Query.Internal.QueryCompiler.ExecuteAsync[TResult](Expression query, CancellationToken cancellationToken)
   at Microsoft.EntityFrameworkCore.Query.Internal.EntityQueryProvider.ExecuteAsync[TResult](Expression expression, CancellationToken cancellationToken)
   at Microsoft.EntityFrameworkCore.EntityFrameworkQueryableExtensions.ExecuteAsync[TSource,TResult](MethodInfo operatorMethodInfo, IQueryable`1 source, Expression expression, CancellationToken cancellationToken)
   at Microsoft.EntityFrameworkCore.EntityFrameworkQueryableExtensions.ExecuteAsync[TSource,TResult](MethodInfo operatorMethodInfo, IQueryable`1 source, CancellationToken cancellationToken)
   at Microsoft.EntityFrameworkCore.EntityFrameworkQueryableExtensions.FirstOrDefaultAsync[TSource](IQueryable`1 source, CancellationToken cancellationToken)
   at Tawaka.Application.Administration.DashboardService.BuildAsync(CancellationToken cancellationToken) in /home/user/Tawaka-Payroll/src/Tawaka.Application/Administration/DashboardService.cs:line 115
   at Tawaka.Ui.Shared.Components.Pages.Dashboard.OnInitializedAsync() in /home/user/Tawaka-Payroll/src/Tawaka.Ui.Shared/Components/Pages/Dashboard.razor:line 240
   at Microsoft.AspNetCore.Components.ComponentBase.RunInitAndSetParametersAsync()
   at Bunit.Rendering.TestRenderer.AssertNoUnhandledExceptions() in /_/src/bunit.core/Rendering/TestRenderer.cs:line 708
   at Bunit.Rendering.TestRenderer.Render[TResult](RenderFragment renderFragment, Func`2 activator) in /_/src/bunit.core/Rendering/TestRenderer.cs:line 553
   at Bunit.Rendering.TestRenderer.RenderFragment(RenderFragment renderFragment) in /_/src/bunit.core/Rendering/TestRenderer.cs:line 116
   at Bunit.Extensions.TestContextBaseRenderExtensions.RenderInsideRenderTree(TestContextBase testContext, RenderFragment renderFragment) in /_/src/bunit.core/Extensions/TestContextBaseRenderExtensions.cs:line 43
   at Bunit.Extensions.TestContextBaseRenderExtensions.RenderInsideRenderTree[TComponent](TestContextBase testContext, RenderFragment renderFragment) in /_/src/bunit.core/Extensions/TestContextBaseRenderExtensions.cs:line 23
   at Bunit.TestContext.Render[TComponent](RenderFragment renderFragment) in /_/src/bunit.web/TestContext.cs:line 68
   at Bunit.TestContext.RenderComponent[TComponent](Action`1 parameterBuilder) in /_/src/bunit.web/TestContext.cs:line 54
   at Tawaka.Ui.Tests.ModuleRenderTests.Every_module_renders_from_its_route(String route, String heading) in /home/user/Tawaka-Payroll/tests/Tawaka.Ui.Tests/ModuleRenderTests.cs:line 38
   at InvokeStub_ModuleRenderTests.Every_module_renders_from_its_route(Object, Span`1)
   at System.Reflection.MethodBaseInvoker.InvokeWithFewArgs(Object obj, BindingFlags invokeAttr, Binder binder, Object[] parameters, CultureInfo culture)</StackTrace>
        </ErrorInfo>
      </Output>
    </UnitTestResult>
    <UnitTestResult executionId="665b9b04-5a39-4992-8b71-ed856b4f99e8" testId="e22346f6-fdd7-7c4f-bf5c-9ad512ff279e" testName="Tawaka.Ui.Tests.ModuleRenderTests.Every_module_renders_from_its_route(route: &quot;employees/new&quot;, heading: &quot;New employee&quot;)" computerName="vm" duration="00:00:00.4759459" startTime="2026-09-17T16:20:17.6463475+00:00" endTime="2026-09-17T16:20:17.6463475+00:00" testType="13cdc9d9-ddb5-4fa4-a97d-d965ccfc6d4b" outcome="Failed" testListId="8c84fa94-04c1-424b-9868-57a2d4851a1d" relativeResultsDirectory="665b9b04-5a39-4992-8b71-ed856b4f99e8">
      <Output>
        <ErrorInfo>
          <Message>System.NotSupportedException : SQLite does not support expressions of type 'DateTimeOffset' in ORDER BY clauses. Convert the values to a supported type, or use LINQ to Objects to order the results on the client side.</Message>
          <StackTrace>   at Microsoft.EntityFrameworkCore.Sqlite.Query.Internal.SqliteQueryableMethodTranslatingExpressionVisitor.TranslateOrderBy(ShapedQueryExpression source, LambdaExpression keySelector, Boolean ascending)
   at Microsoft.EntityFrameworkCore.Query.QueryableMethodTranslatingExpressionVisitor.VisitMethodCall(MethodCallExpression methodCallExpression)
   at Microsoft.EntityFrameworkCore.Query.RelationalQueryableMethodTranslatingExpressionVisitor.VisitMethodCall(MethodCallExpression methodCallExpression)
   at Microsoft.EntityFrameworkCore.Query.QueryableMethodTranslatingExpressionVisitor.VisitMethodCall(MethodCallExpression methodCallExpression)
   at Microsoft.EntityFrameworkCore.Query.RelationalQueryableMethodTranslatingExpressionVisitor.VisitMethodCall(MethodCallExpression methodCallExpression)
   at Microsoft.EntityFrameworkCore.Query.QueryableMethodTranslatingExpressionVisitor.VisitMethodCall(MethodCallExpression methodCallExpression)
   at Microsoft.EntityFrameworkCore.Query.RelationalQueryableMethodTranslatingExpressionVisitor.VisitMethodCall(MethodCallExpression methodCallExpression)
   at Microsoft.EntityFrameworkCore.Query.QueryableMethodTranslatingExpressionVisitor.VisitMethodCall(MethodCallExpression methodCallExpression)
   at Microsoft.EntityFrameworkCore.Query.RelationalQueryableMethodTranslatingExpressionVisitor.VisitMethodCall(MethodCallExpression methodCallExpression)
   at Microsoft.EntityFrameworkCore.Query.QueryableMethodTranslatingExpressionVisitor.Translate(Expression expression)
   at Microsoft.EntityFrameworkCore.Query.RelationalQueryableMethodTranslatingExpressionVisitor.Translate(Expression expression)
   at Microsoft.EntityFrameworkCore.Query.QueryCompilationContext.CreateQueryExecutor[TResult](Expression query)
   at Microsoft.EntityFrameworkCore.Storage.Database.CompileQuery[TResult](Expression query, Boolean async)
   at Microsoft.EntityFrameworkCore.Query.Internal.QueryCompiler.CompileQueryCore[TResult](IDatabase database, Expression query, IModel model, Boolean async)
   at Microsoft.EntityFrameworkCore.Query.Internal.QueryCompiler.&lt;&gt;c__DisplayClass12_0`1.&lt;ExecuteAsync&gt;b__0()
   at Microsoft.EntityFrameworkCore.Query.Internal.CompiledQueryCache.GetOrAddQuery[TResult](Object cacheKey, Func`1 compiler)
   at Microsoft.EntityFrameworkCore.Query.Internal.QueryCompiler.ExecuteAsync[TResult](Expression query, CancellationToken cancellationToken)
   at Microsoft.EntityFrameworkCore.Query.Internal.EntityQueryProvider.ExecuteAsync[TResult](Expression expression, CancellationToken cancellationToken)
   at Microsoft.EntityFrameworkCore.EntityFrameworkQueryableExtensions.ExecuteAsync[TSource,TResult](MethodInfo operatorMethodInfo, IQueryable`1 source, Expression expression, CancellationToken cancellationToken)
   at Microsoft.EntityFrameworkCore.EntityFrameworkQueryableExtensions.ExecuteAsync[TSource,TResult](MethodInfo operatorMethodInfo, IQueryable`1 source, CancellationToken cancellationToken)
   at Microsoft.EntityFrameworkCore.EntityFrameworkQueryableExtensions.FirstOrDefaultAsync[TSource](IQueryable`1 source, CancellationToken cancellationToken)
   at Tawaka.Application.Administration.DashboardService.BuildAsync(CancellationToken cancellationToken) in /home/user/Tawaka-Payroll/src/Tawaka.Application/Administration/DashboardService.cs:line 115
   at Tawaka.Ui.Shared.Components.Pages.Dashboard.OnInitializedAsync() in /home/user/Tawaka-Payroll/src/Tawaka.Ui.Shared/Components/Pages/Dashboard.razor:line 240
   at Microsoft.AspNetCore.Components.ComponentBase.RunInitAndSetParametersAsync()
   at Bunit.Rendering.TestRenderer.AssertNoUnhandledExceptions() in /_/src/bunit.core/Rendering/TestRenderer.cs:line 708
   at Bunit.Rendering.TestRenderer.Render[TResult](RenderFragment renderFragment, Func`2 activator) in /_/src/bunit.core/Rendering/TestRenderer.cs:line 553
   at Bunit.Rendering.TestRenderer.RenderFragment(RenderFragment renderFragment) in /_/src/bunit.core/Rendering/TestRenderer.cs:line 116
   at Bunit.Extensions.TestContextBaseRenderExtensions.RenderInsideRenderTree(TestContextBase testContext, RenderFragment renderFragment) in /_/src/bunit.core/Extensions/TestContextBaseRenderExtensions.cs:line 43
   at Bunit.Extensions.TestContextBaseRenderExtensions.RenderInsideRenderTree[TComponent](TestContextBase testContext, RenderFragment renderFragment) in /_/src/bunit.core/Extensions/TestContextBaseRenderExtensions.cs:line 23
   at Bunit.TestContext.Render[TComponent](RenderFragment renderFragment) in /_/src/bunit.web/TestContext.cs:line 68
   at Bunit.TestContext.RenderComponent[TComponent](Action`1 parameterBuilder) in /_/src/bunit.web/TestContext.cs:line 54
   at Tawaka.Ui.Tests.ModuleRenderTests.Every_module_renders_from_its_route(String route, String heading) in /home/user/Tawaka-Payroll/tests/Tawaka.Ui.Tests/ModuleRenderTests.cs:line 38
   at InvokeStub_ModuleRenderTests.Every_module_renders_from_its_route(Object, Span`1)
   at System.Reflection.MethodBaseInvoker.InvokeWithFewArgs(Object obj, BindingFlags invokeAttr, Binder binder, Object[] parameters, CultureInfo culture)</StackTrace>
        </ErrorInfo>
      </Output>
    </UnitTestResult>
    <UnitTestResult executionId="1414d822-098d-42c4-a237-b1da2c55051e" testId="c5c7a517-f692-e086-e0da-e0dfc05900e1" testName="Tawaka.Ui.Tests.ModuleRenderTests.Every_module_renders_from_its_route(route: &quot;payroll&quot;, heading: &quot;Payroll&quot;)" computerName="vm" duration="00:00:00.4491988" startTime="2026-09-17T16:20:21.2733814+00:00" endTime="2026-09-17T16:20:21.2733814+00:00" testType="13cdc9d9-ddb5-4fa4-a97d-d965ccfc6d4b" outcome="Failed" testListId="8c84fa94-04c1-424b-9868-57a2d4851a1d" relativeResultsDirectory="1414d822-098d-42c4-a237-b1da2c55051e">
      <Output>
        <ErrorInfo>
          <Message>System.NotSupportedException : SQLite does not support expressions of type 'DateTimeOffset' in ORDER BY clauses. Convert the values to a supported type, or use LINQ to Objects to order the results on the client side.</Message>
          <StackTrace>   at Microsoft.EntityFrameworkCore.Sqlite.Query.Internal.SqliteQueryableMethodTranslatingExpressionVisitor.TranslateOrderBy(ShapedQueryExpression source, LambdaExpression keySelector, Boolean ascending)
   at Microsoft.EntityFrameworkCore.Query.QueryableMethodTranslatingExpressionVisitor.VisitMethodCall(MethodCallExpression methodCallExpression)
   at Microsoft.EntityFrameworkCore.Query.RelationalQueryableMethodTranslatingExpressionVisitor.VisitMethodCall(MethodCallExpression methodCallExpression)
   at Microsoft.EntityFrameworkCore.Query.QueryableMethodTranslatingExpressionVisitor.VisitMethodCall(MethodCallExpression methodCallExpression)
   at Microsoft.EntityFrameworkCore.Query.RelationalQueryableMethodTranslatingExpressionVisitor.VisitMethodCall(MethodCallExpression methodCallExpression)
   at Microsoft.EntityFrameworkCore.Query.QueryableMethodTranslatingExpressionVisitor.VisitMethodCall(MethodCallExpression methodCallExpression)
   at Microsoft.EntityFrameworkCore.Query.RelationalQueryableMethodTranslatingExpressionVisitor.VisitMethodCall(MethodCallExpression methodCallExpression)
   at Microsoft.EntityFrameworkCore.Query.QueryableMethodTranslatingExpressionVisitor.VisitMethodCall(MethodCallExpression methodCallExpression)
   at Microsoft.EntityFrameworkCore.Query.RelationalQueryableMethodTranslatingExpressionVisitor.VisitMethodCall(MethodCallExpression methodCallExpression)
   at Microsoft.EntityFrameworkCore.Query.QueryableMethodTranslatingExpressionVisitor.Translate(Expression expression)
   at Microsoft.EntityFrameworkCore.Query.RelationalQueryableMethodTranslatingExpressionVisitor.Translate(Expression expression)
   at Microsoft.EntityFrameworkCore.Query.QueryCompilationContext.CreateQueryExecutor[TResult](Expression query)
   at Microsoft.EntityFrameworkCore.Storage.Database.CompileQuery[TResult](Expression query, Boolean async)
   at Microsoft.EntityFrameworkCore.Query.Internal.QueryCompiler.CompileQueryCore[TResult](IDatabase database, Expression query, IModel model, Boolean async)
   at Microsoft.EntityFrameworkCore.Query.Internal.QueryCompiler.&lt;&gt;c__DisplayClass12_0`1.&lt;ExecuteAsync&gt;b__0()
   at Microsoft.EntityFrameworkCore.Query.Internal.CompiledQueryCache.GetOrAddQuery[TResult](Object cacheKey, Func`1 compiler)
   at Microsoft.EntityFrameworkCore.Query.Internal.QueryCompiler.ExecuteAsync[TResult](Expression query, CancellationToken cancellationToken)
   at Microsoft.EntityFrameworkCore.Query.Internal.EntityQueryProvider.ExecuteAsync[TResult](Expression expression, CancellationToken cancellationToken)
   at Microsoft.EntityFrameworkCore.EntityFrameworkQueryableExtensions.ExecuteAsync[TSource,TResult](MethodInfo operatorMethodInfo, IQueryable`1 source, Expression expression, CancellationToken cancellationToken)
   at Microsoft.EntityFrameworkCore.EntityFrameworkQueryableExtensions.ExecuteAsync[TSource,TResult](MethodInfo operatorMethodInfo, IQueryable`1 source, CancellationToken cancellationToken)
   at Microsoft.EntityFrameworkCore.EntityFrameworkQueryableExtensions.FirstOrDefaultAsync[TSource](IQueryable`1 source, CancellationToken cancellationToken)
   at Tawaka.Application.Administration.DashboardService.BuildAsync(CancellationToken cancellationToken) in /home/user/Tawaka-Payroll/src/Tawaka.Application/Administration/DashboardService.cs:line 115
   at Tawaka.Ui.Shared.Components.Pages.Dashboard.OnInitializedAsync() in /home/user/Tawaka-Payroll/src/Tawaka.Ui.Shared/Components/Pages/Dashboard.razor:line 240
   at Microsoft.AspNetCore.Components.ComponentBase.RunInitAndSetParametersAsync()
   at Bunit.Rendering.TestRenderer.AssertNoUnhandledExceptions() in /_/src/bunit.core/Rendering/TestRenderer.cs:line 708
   at Bunit.Rendering.TestRenderer.Render[TResult](RenderFragment renderFragment, Func`2 activator) in /_/src/bunit.core/Rendering/TestRenderer.cs:line 553
   at Bunit.Rendering.TestRenderer.RenderFragment(RenderFragment renderFragment) in /_/src/bunit.core/Rendering/TestRenderer.cs:line 116
   at Bunit.Extensions.TestContextBaseRenderExtensions.RenderInsideRenderTree(TestContextBase testContext, RenderFragment renderFragment) in /_/src/bunit.core/Extensions/TestContextBaseRenderExtensions.cs:line 43
   at Bunit.Extensions.TestContextBaseRenderExtensions.RenderInsideRenderTree[TComponent](TestContextBase testContext, RenderFragment renderFragment) in /_/src/bunit.core/Extensions/TestContextBaseRenderExtensions.cs:line 23
   at Bunit.TestContext.Render[TComponent](RenderFragment renderFragment) in /_/src/bunit.web/TestContext.cs:line 68
   at Bunit.TestContext.RenderComponent[TComponent](Action`1 parameterBuilder) in /_/src/bunit.web/TestContext.cs:line 54
   at Tawaka.Ui.Tests.ModuleRenderTests.Every_module_renders_from_its_route(String route, String heading) in /home/user/Tawaka-Payroll/tests/Tawaka.Ui.Tests/ModuleRenderTests.cs:line 38
   at InvokeStub_ModuleRenderTests.Every_module_renders_from_its_route(Object, Span`1)
   at System.Reflection.MethodBaseInvoker.InvokeWithFewArgs(Object obj, BindingFlags invokeAttr, Binder binder, Object[] parameters, CultureInfo culture)</StackTrace>
        </ErrorInfo>
      </Output>
    </UnitTestResult>
    <UnitTestResult executionId="70461398-fdf0-494a-8eca-4a5555260a22" testId="502971bc-56e8-eefb-3d52-bb7c92c86f9d" testName="Tawaka.Ui.Tests.ModuleRenderTests.Every_module_renders_from_its_route(route: &quot;employees&quot;, heading: &quot;Employees&quot;)" computerName="vm" duration="00:00:00.7450572" startTime="2026-09-17T16:20:19.7212698+00:00" endTime="2026-09-17T16:20:19.7212701+00:00" testType="13cdc9d9-ddb5-4fa4-a97d-d965ccfc6d4b" outcome="Failed" testListId="8c84fa94-04c1-424b-9868-57a2d4851a1d" relativeResultsDirectory="70461398-fdf0-494a-8eca-4a5555260a22">
      <Output>
        <ErrorInfo>
          <Message>System.NotSupportedException : SQLite does not support expressions of type 'DateTimeOffset' in ORDER BY clauses. Convert the values to a supported type, or use LINQ to Objects to order the results on the client side.</Message>
          <StackTrace>   at Microsoft.EntityFrameworkCore.Sqlite.Query.Internal.SqliteQueryableMethodTranslatingExpressionVisitor.TranslateOrderBy(ShapedQueryExpression source, LambdaExpression keySelector, Boolean ascending)
   at Microsoft.EntityFrameworkCore.Query.QueryableMethodTranslatingExpressionVisitor.VisitMethodCall(MethodCallExpression methodCallExpression)
   at Microsoft.EntityFrameworkCore.Query.RelationalQueryableMethodTranslatingExpressionVisitor.VisitMethodCall(MethodCallExpression methodCallExpression)
   at Microsoft.EntityFrameworkCore.Query.QueryableMethodTranslatingExpressionVisitor.VisitMethodCall(MethodCallExpression methodCallExpression)
   at Microsoft.EntityFrameworkCore.Query.RelationalQueryableMethodTranslatingExpressionVisitor.VisitMethodCall(MethodCallExpression methodCallExpression)
   at Microsoft.EntityFrameworkCore.Query.QueryableMethodTranslatingExpressionVisitor.VisitMethodCall(MethodCallExpression methodCallExpression)
   at Microsoft.EntityFrameworkCore.Query.RelationalQueryableMethodTranslatingExpressionVisitor.VisitMethodCall(MethodCallExpression methodCallExpression)
   at Microsoft.EntityFrameworkCore.Query.QueryableMethodTranslatingExpressionVisitor.VisitMethodCall(MethodCallExpression methodCallExpression)
   at Microsoft.EntityFrameworkCore.Query.RelationalQueryableMethodTranslatingExpressionVisitor.VisitMethodCall(MethodCallExpression methodCallExpression)
   at Microsoft.EntityFrameworkCore.Query.QueryableMethodTranslatingExpressionVisitor.Translate(Expression expression)
   at Microsoft.EntityFrameworkCore.Query.RelationalQueryableMethodTranslatingExpressionVisitor.Translate(Expression expression)
   at Microsoft.EntityFrameworkCore.Query.QueryCompilationContext.CreateQueryExecutor[TResult](Expression query)
   at Microsoft.EntityFrameworkCore.Storage.Database.CompileQuery[TResult](Expression query, Boolean async)
   at Microsoft.EntityFrameworkCore.Query.Internal.QueryCompiler.CompileQueryCore[TResult](IDatabase database, Expression query, IModel model, Boolean async)
   at Microsoft.EntityFrameworkCore.Query.Internal.QueryCompiler.&lt;&gt;c__DisplayClass12_0`1.&lt;ExecuteAsync&gt;b__0()
   at Microsoft.EntityFrameworkCore.Query.Internal.CompiledQueryCache.GetOrAddQuery[TResult](Object cacheKey, Func`1 compiler)
   at Microsoft.EntityFrameworkCore.Query.Internal.QueryCompiler.ExecuteAsync[TResult](Expression query, CancellationToken cancellationToken)
   at Microsoft.EntityFrameworkCore.Query.Internal.EntityQueryProvider.ExecuteAsync[TResult](Expression expression, CancellationToken cancellationToken)
   at Microsoft.EntityFrameworkCore.EntityFrameworkQueryableExtensions.ExecuteAsync[TSource,TResult](MethodInfo operatorMethodInfo, IQueryable`1 source, Expression expression, CancellationToken cancellationToken)
   at Microsoft.EntityFrameworkCore.EntityFrameworkQueryableExtensions.ExecuteAsync[TSource,TResult](MethodInfo operatorMethodInfo, IQueryable`1 source, CancellationToken cancellationToken)
   at Microsoft.EntityFrameworkCore.EntityFrameworkQueryableExtensions.FirstOrDefaultAsync[TSource](IQueryable`1 source, CancellationToken cancellationToken)
   at Tawaka.Application.Administration.DashboardService.BuildAsync(CancellationToken cancellationToken) in /home/user/Tawaka-Payroll/src/Tawaka.Application/Administration/DashboardService.cs:line 115
   at Tawaka.Ui.Shared.Components.Pages.Dashboard.OnInitializedAsync() in /home/user/Tawaka-Payroll/src/Tawaka.Ui.Shared/Components/Pages/Dashboard.razor:line 240
   at Microsoft.AspNetCore.Components.ComponentBase.RunInitAndSetParametersAsync()
   at Bunit.Rendering.TestRenderer.AssertNoUnhandledExceptions() in /_/src/bunit.core/Rendering/TestRenderer.cs:line 708
   at Bunit.Rendering.TestRenderer.Render[TResult](RenderFragment renderFragment, Func`2 activator) in /_/src/bunit.core/Rendering/TestRenderer.cs:line 553
   at Bunit.Rendering.TestRenderer.RenderFragment(RenderFragment renderFragment) in /_/src/bunit.core/Rendering/TestRenderer.cs:line 116
   at Bunit.Extensions.TestContextBaseRenderExtensions.RenderInsideRenderTree(TestContextBase testContext, RenderFragment renderFragment) in /_/src/bunit.core/Extensions/TestContextBaseRenderExtensions.cs:line 43
   at Bunit.Extensions.TestContextBaseRenderExtensions.RenderInsideRenderTree[TComponent](TestContextBase testContext, RenderFragment renderFragment) in /_/src/bunit.core/Extensions/TestContextBaseRenderExtensions.cs:line 23
   at Bunit.TestContext.Render[TComponent](RenderFragment renderFragment) in /_/src/bunit.web/TestContext.cs:line 68
   at Bunit.TestContext.RenderComponent[TComponent](Action`1 parameterBuilder) in /_/src/bunit.web/TestContext.cs:line 54
   at Tawaka.Ui.Tests.ModuleRenderTests.Every_module_renders_from_its_route(String route, String heading) in /home/user/Tawaka-Payroll/tests/Tawaka.Ui.Tests/ModuleRenderTests.cs:line 38
   at InvokeStub_ModuleRenderTests.Every_module_renders_from_its_route(Object, Span`1)
   at System.Reflection.MethodBaseInvoker.InvokeWithFewArgs(Object obj, BindingFlags invokeAttr, Binder binder, Object[] parameters, CultureInfo culture)</StackTrace>
        </ErrorInfo>
      </Output>
    </UnitTestResult>
    <UnitTestResult executionId="2234ff28-69ab-4250-9ae3-6a78c4036f2d" testId="bba86092-1f87-76b0-7adc-0c94726f3c43" testName="Tawaka.Ui.Tests.ModuleRenderTests.Every_module_renders_from_its_route(route: &quot;administration&quot;, heading: &quot;Administration&quot;)" computerName="vm" duration="00:00:00.5740142" startTime="2026-09-17T16:20:18.9735750+00:00" endTime="2026-09-17T16:20:18.9735755+00:00" testType="13cdc9d9-ddb5-4fa4-a97d-d965ccfc6d4b" outcome="Failed" testListId="8c84fa94-04c1-424b-9868-57a2d4851a1d" relativeResultsDirectory="2234ff28-69ab-4250-9ae3-6a78c4036f2d">
      <Output>
        <ErrorInfo>
          <Message>System.NotSupportedException : SQLite does not support expressions of type 'DateTimeOffset' in ORDER BY clauses. Convert the values to a supported type, or use LINQ to Objects to order the results on the client side.</Message>
          <StackTrace>   at Microsoft.EntityFrameworkCore.Sqlite.Query.Internal.SqliteQueryableMethodTranslatingExpressionVisitor.TranslateOrderBy(ShapedQueryExpression source, LambdaExpression keySelector, Boolean ascending)
   at Microsoft.EntityFrameworkCore.Query.QueryableMethodTranslatingExpressionVisitor.VisitMethodCall(MethodCallExpression methodCallExpression)
   at Microsoft.EntityFrameworkCore.Query.RelationalQueryableMethodTranslatingExpressionVisitor.VisitMethodCall(MethodCallExpression methodCallExpression)
   at Microsoft.EntityFrameworkCore.Query.QueryableMethodTranslatingExpressionVisitor.VisitMethodCall(MethodCallExpression methodCallExpression)
   at Microsoft.EntityFrameworkCore.Query.RelationalQueryableMethodTranslatingExpressionVisitor.VisitMethodCall(MethodCallExpression methodCallExpression)
   at Microsoft.EntityFrameworkCore.Query.QueryableMethodTranslatingExpressionVisitor.VisitMethodCall(MethodCallExpression methodCallExpression)
   at Microsoft.EntityFrameworkCore.Query.RelationalQueryableMethodTranslatingExpressionVisitor.VisitMethodCall(MethodCallExpression methodCallExpression)
   at Microsoft.EntityFrameworkCore.Query.QueryableMethodTranslatingExpressionVisitor.VisitMethodCall(MethodCallExpression methodCallExpression)
   at Microsoft.EntityFrameworkCore.Query.RelationalQueryableMethodTranslatingExpressionVisitor.VisitMethodCall(MethodCallExpression methodCallExpression)
   at Microsoft.EntityFrameworkCore.Query.QueryableMethodTranslatingExpressionVisitor.Translate(Expression expression)
   at Microsoft.EntityFrameworkCore.Query.RelationalQueryableMethodTranslatingExpressionVisitor.Translate(Expression expression)
   at Microsoft.EntityFrameworkCore.Query.QueryCompilationContext.CreateQueryExecutor[TResult](Expression query)
   at Microsoft.EntityFrameworkCore.Storage.Database.CompileQuery[TResult](Expression query, Boolean async)
   at Microsoft.EntityFrameworkCore.Query.Internal.QueryCompiler.CompileQueryCore[TResult](IDatabase database, Expression query, IModel model, Boolean async)
   at Microsoft.EntityFrameworkCore.Query.Internal.QueryCompiler.&lt;&gt;c__DisplayClass12_0`1.&lt;ExecuteAsync&gt;b__0()
   at Microsoft.EntityFrameworkCore.Query.Internal.CompiledQueryCache.GetOrAddQuery[TResult](Object cacheKey, Func`1 compiler)
   at Microsoft.EntityFrameworkCore.Query.Internal.QueryCompiler.ExecuteAsync[TResult](Expression query, CancellationToken cancellationToken)
   at Microsoft.EntityFrameworkCore.Query.Internal.EntityQueryProvider.ExecuteAsync[TResult](Expression expression, CancellationToken cancellationToken)
   at Microsoft.EntityFrameworkCore.EntityFrameworkQueryableExtensions.ExecuteAsync[TSource,TResult](MethodInfo operatorMethodInfo, IQueryable`1 source, Expression expression, CancellationToken cancellationToken)
   at Microsoft.EntityFrameworkCore.EntityFrameworkQueryableExtensions.ExecuteAsync[TSource,TResult](MethodInfo operatorMethodInfo, IQueryable`1 source, CancellationToken cancellationToken)
   at Microsoft.EntityFrameworkCore.EntityFrameworkQueryableExtensions.FirstOrDefaultAsync[TSource](IQueryable`1 source, CancellationToken cancellationToken)
   at Tawaka.Application.Administration.DashboardService.BuildAsync(CancellationToken cancellationToken) in /home/user/Tawaka-Payroll/src/Tawaka.Application/Administration/DashboardService.cs:line 115
   at Tawaka.Ui.Shared.Components.Pages.Dashboard.OnInitializedAsync() in /home/user/Tawaka-Payroll/src/Tawaka.Ui.Shared/Components/Pages/Dashboard.razor:line 240
   at Microsoft.AspNetCore.Components.ComponentBase.RunInitAndSetParametersAsync()
   at Bunit.Rendering.TestRenderer.AssertNoUnhandledExceptions() in /_/src/bunit.core/Rendering/TestRenderer.cs:line 708
   at Bunit.Rendering.TestRenderer.Render[TResult](RenderFragment renderFragment, Func`2 activator) in /_/src/bunit.core/Rendering/TestRenderer.cs:line 553
   at Bunit.Rendering.TestRenderer.RenderFragment(RenderFragment renderFragment) in /_/src/bunit.core/Rendering/TestRenderer.cs:line 116
   at Bunit.Extensions.TestContextBaseRenderExtensions.RenderInsideRenderTree(TestContextBase testContext, RenderFragment renderFragment) in /_/src/bunit.core/Extensions/TestContextBaseRenderExtensions.cs:line 43
   at Bunit.Extensions.TestContextBaseRenderExtensions.RenderInsideRenderTree[TComponent](TestContextBase testContext, RenderFragment renderFragment) in /_/src/bunit.core/Extensions/TestContextBaseRenderExtensions.cs:line 23
   at Bunit.TestContext.Render[TComponent](RenderFragment renderFragment) in /_/src/bunit.web/TestContext.cs:line 68
   at Bunit.TestContext.RenderComponent[TComponent](Action`1 parameterBuilder) in /_/src/bunit.web/TestContext.cs:line 54
   at Tawaka.Ui.Tests.ModuleRenderTests.Every_module_renders_from_its_route(String route, String heading) in /home/user/Tawaka-Payroll/tests/Tawaka.Ui.Tests/ModuleRenderTests.cs:line 38
   at InvokeStub_ModuleRenderTests.Every_module_renders_from_its_route(Object, Span`1)
   at System.Reflection.MethodBaseInvoker.InvokeWithFewArgs(Object obj, BindingFlags invokeAttr, Binder binder, Object[] parameters, CultureInfo culture)</StackTrace>
        </ErrorInfo>
      </Output>
    </UnitTestResult>
    <UnitTestResult executionId="f4cec287-555e-4e33-9847-731dad3374c1" testId="d77c4ca1-f42d-1448-c0be-157309037539" testName="Tawaka.Ui.Tests.ModuleRenderTests.Every_module_renders_from_its_route(route: &quot;&quot;, heading: &quot;Dashboard&quot;)" computerName="vm" duration="00:00:00.7512103" startTime="2026-09-17T16:20:18.3981323+00:00" endTime="2026-09-17T16:20:18.3981324+00:00" testType="13cdc9d9-ddb5-4fa4-a97d-d965ccfc6d4b" outcome="Failed" testListId="8c84fa94-04c1-424b-9868-57a2d4851a1d" relativeResultsDirectory="f4cec287-555e-4e33-9847-731dad3374c1">
      <Output>
        <ErrorInfo>
          <Message>System.NotSupportedException : SQLite does not support expressions of type 'DateTimeOffset' in ORDER BY clauses. Convert the values to a supported type, or use LINQ to Objects to order the results on the client side.</Message>
          <StackTrace>   at Microsoft.EntityFrameworkCore.Sqlite.Query.Internal.SqliteQueryableMethodTranslatingExpressionVisitor.TranslateOrderBy(ShapedQueryExpression source, LambdaExpression keySelector, Boolean ascending)
   at Microsoft.EntityFrameworkCore.Query.QueryableMethodTranslatingExpressionVisitor.VisitMethodCall(MethodCallExpression methodCallExpression)
   at Microsoft.EntityFrameworkCore.Query.RelationalQueryableMethodTranslatingExpressionVisitor.VisitMethodCall(MethodCallExpression methodCallExpression)
   at Microsoft.EntityFrameworkCore.Query.QueryableMethodTranslatingExpressionVisitor.VisitMethodCall(MethodCallExpression methodCallExpression)
   at Microsoft.EntityFrameworkCore.Query.RelationalQueryableMethodTranslatingExpressionVisitor.VisitMethodCall(MethodCallExpression methodCallExpression)
   at Microsoft.EntityFrameworkCore.Query.QueryableMethodTranslatingExpressionVisitor.VisitMethodCall(MethodCallExpression methodCallExpression)
   at Microsoft.EntityFrameworkCore.Query.RelationalQueryableMethodTranslatingExpressionVisitor.VisitMethodCall(MethodCallExpression methodCallExpression)
   at Microsoft.EntityFrameworkCore.Query.QueryableMethodTranslatingExpressionVisitor.VisitMethodCall(MethodCallExpression methodCallExpression)
   at Microsoft.EntityFrameworkCore.Query.RelationalQueryableMethodTranslatingExpressionVisitor.VisitMethodCall(MethodCallExpression methodCallExpression)
   at Microsoft.EntityFrameworkCore.Query.QueryableMethodTranslatingExpressionVisitor.Translate(Expression expression)
   at Microsoft.EntityFrameworkCore.Query.RelationalQueryableMethodTranslatingExpressionVisitor.Translate(Expression expression)
   at Microsoft.EntityFrameworkCore.Query.QueryCompilationContext.CreateQueryExecutor[TResult](Expression query)
   at Microsoft.EntityFrameworkCore.Storage.Database.CompileQuery[TResult](Expression query, Boolean async)
   at Microsoft.EntityFrameworkCore.Query.Internal.QueryCompiler.CompileQueryCore[TResult](IDatabase database, Expression query, IModel model, Boolean async)
   at Microsoft.EntityFrameworkCore.Query.Internal.QueryCompiler.&lt;&gt;c__DisplayClass12_0`1.&lt;ExecuteAsync&gt;b__0()
   at Microsoft.EntityFrameworkCore.Query.Internal.CompiledQueryCache.GetOrAddQuery[TResult](Object cacheKey, Func`1 compiler)
   at Microsoft.EntityFrameworkCore.Query.Internal.QueryCompiler.ExecuteAsync[TResult](Expression query, CancellationToken cancellationToken)
   at Microsoft.EntityFrameworkCore.Query.Internal.EntityQueryProvider.ExecuteAsync[TResult](Expression expression, CancellationToken cancellationToken)
   at Microsoft.EntityFrameworkCore.EntityFrameworkQueryableExtensions.ExecuteAsync[TSource,TResult](MethodInfo operatorMethodInfo, IQueryable`1 source, Expression expression, CancellationToken cancellationToken)
   at Microsoft.EntityFrameworkCore.EntityFrameworkQueryableExtensions.ExecuteAsync[TSource,TResult](MethodInfo operatorMethodInfo, IQueryable`1 source, CancellationToken cancellationToken)
   at Microsoft.EntityFrameworkCore.EntityFrameworkQueryableExtensions.FirstOrDefaultAsync[TSource](IQueryable`1 source, CancellationToken cancellationToken)
   at Tawaka.Application.Administration.DashboardService.BuildAsync(CancellationToken cancellationToken) in /home/user/Tawaka-Payroll/src/Tawaka.Application/Administration/DashboardService.cs:line 115
   at Tawaka.Ui.Shared.Components.Pages.Dashboard.OnInitializedAsync() in /home/user/Tawaka-Payroll/src/Tawaka.Ui.Shared/Components/Pages/Dashboard.razor:line 240
   at Microsoft.AspNetCore.Components.ComponentBase.RunInitAndSetParametersAsync()
   at Bunit.Rendering.TestRenderer.AssertNoUnhandledExceptions() in /_/src/bunit.core/Rendering/TestRenderer.cs:line 708
   at Bunit.Rendering.TestRenderer.Render[TResult](RenderFragment renderFragment, Func`2 activator) in /_/src/bunit.core/Rendering/TestRenderer.cs:line 553
   at Bunit.Rendering.TestRenderer.RenderFragment(RenderFragment renderFragment) in /_/src/bunit.core/Rendering/TestRenderer.cs:line 116
   at Bunit.Extensions.TestContextBaseRenderExtensions.RenderInsideRenderTree(TestContextBase testContext, RenderFragment renderFragment) in /_/src/bunit.core/Extensions/TestContextBaseRenderExtensions.cs:line 43
   at Bunit.Extensions.TestContextBaseRenderExtensions.RenderInsideRenderTree[TComponent](TestContextBase testContext, RenderFragment renderFragment) in /_/src/bunit.core/Extensions/TestContextBaseRenderExtensions.cs:line 23
   at Bunit.TestContext.Render[TComponent](RenderFragment renderFragment) in /_/src/bunit.web/TestContext.cs:line 68
   at Bunit.TestContext.RenderComponent[TComponent](Action`1 parameterBuilder) in /_/src/bunit.web/TestContext.cs:line 54
   at Tawaka.Ui.Tests.ModuleRenderTests.Every_module_renders_from_its_route(String route, String heading) in /home/user/Tawaka-Payroll/tests/Tawaka.Ui.Tests/ModuleRenderTests.cs:line 38
   at InvokeStub_ModuleRenderTests.Every_module_renders_from_its_route(Object, Span`1)
   at System.Reflection.MethodBaseInvoker.InvokeWithFewArgs(Object obj, BindingFlags invokeAttr, Binder binder, Object[] parameters, CultureInfo culture)</StackTrace>
        </ErrorInfo>
      </Output>
    </UnitTestResult>
    <UnitTestResult executionId="773e0a80-e894-4d6d-9bf3-018661020bc2" testId="e4641662-897a-4834-e001-fa236ad770ed" testName="Tawaka.Ui.Tests.ModuleRenderTests.Every_module_renders_from_its_route(route: &quot;loans&quot;, heading: &quot;Loans&quot;)" computerName="vm" duration="00:00:00.7757550" startTime="2026-09-17T16:20:17.1697353+00:00" endTime="2026-09-17T16:20:17.1697355+00:00" testType="13cdc9d9-ddb5-4fa4-a97d-d965ccfc6d4b" outcome="Failed" testListId="8c84fa94-04c1-424b-9868-57a2d4851a1d" relativeResultsDirectory="773e0a80-e894-4d6d-9bf3-018661020bc2">
      <Output>
        <ErrorInfo>
          <Message>System.NotSupportedException : SQLite does not support expressions of type 'DateTimeOffset' in ORDER BY clauses. Convert the values to a supported type, or use LINQ to Objects to order the results on the client side.</Message>
          <StackTrace>   at Microsoft.EntityFrameworkCore.Sqlite.Query.Internal.SqliteQueryableMethodTranslatingExpressionVisitor.TranslateOrderBy(ShapedQueryExpression source, LambdaExpression keySelector, Boolean ascending)
   at Microsoft.EntityFrameworkCore.Query.QueryableMethodTranslatingExpressionVisitor.VisitMethodCall(MethodCallExpression methodCallExpression)
   at Microsoft.EntityFrameworkCore.Query.RelationalQueryableMethodTranslatingExpressionVisitor.VisitMethodCall(MethodCallExpression methodCallExpression)
   at Microsoft.EntityFrameworkCore.Query.QueryableMethodTranslatingExpressionVisitor.VisitMethodCall(MethodCallExpression methodCallExpression)
   at Microsoft.EntityFrameworkCore.Query.RelationalQueryableMethodTranslatingExpressionVisitor.VisitMethodCall(MethodCallExpression methodCallExpression)
   at Microsoft.EntityFrameworkCore.Query.QueryableMethodTranslatingExpressionVisitor.VisitMethodCall(MethodCallExpression methodCallExpression)
   at Microsoft.EntityFrameworkCore.Query.RelationalQueryableMethodTranslatingExpressionVisitor.VisitMethodCall(MethodCallExpression methodCallExpression)
   at Microsoft.EntityFrameworkCore.Query.QueryableMethodTranslatingExpressionVisitor.VisitMethodCall(MethodCallExpression methodCallExpression)
   at Microsoft.EntityFrameworkCore.Query.RelationalQueryableMethodTranslatingExpressionVisitor.VisitMethodCall(MethodCallExpression methodCallExpression)
   at Microsoft.EntityFrameworkCore.Query.QueryableMethodTranslatingExpressionVisitor.Translate(Expression expression)
   at Microsoft.EntityFrameworkCore.Query.RelationalQueryableMethodTranslatingExpressionVisitor.Translate(Expression expression)
   at Microsoft.EntityFrameworkCore.Query.QueryCompilationContext.CreateQueryExecutor[TResult](Expression query)
   at Microsoft.EntityFrameworkCore.Storage.Database.CompileQuery[TResult](Expression query, Boolean async)
   at Microsoft.EntityFrameworkCore.Query.Internal.QueryCompiler.CompileQueryCore[TResult](IDatabase database, Expression query, IModel model, Boolean async)
   at Microsoft.EntityFrameworkCore.Query.Internal.QueryCompiler.&lt;&gt;c__DisplayClass12_0`1.&lt;ExecuteAsync&gt;b__0()
   at Microsoft.EntityFrameworkCore.Query.Internal.CompiledQueryCache.GetOrAddQuery[TResult](Object cacheKey, Func`1 compiler)
   at Microsoft.EntityFrameworkCore.Query.Internal.QueryCompiler.ExecuteAsync[TResult](Expression query, CancellationToken cancellationToken)
   at Microsoft.EntityFrameworkCore.Query.Internal.EntityQueryProvider.ExecuteAsync[TResult](Expression expression, CancellationToken cancellationToken)
   at Microsoft.EntityFrameworkCore.EntityFrameworkQueryableExtensions.ExecuteAsync[TSource,TResult](MethodInfo operatorMethodInfo, IQueryable`1 source, Expression expression, CancellationToken cancellationToken)
   at Microsoft.EntityFrameworkCore.EntityFrameworkQueryableExtensions.ExecuteAsync[TSource,TResult](MethodInfo operatorMethodInfo, IQueryable`1 source, CancellationToken cancellationToken)
   at Microsoft.EntityFrameworkCore.EntityFrameworkQueryableExtensions.FirstOrDefaultAsync[TSource](IQueryable`1 source, CancellationToken cancellationToken)
   at Tawaka.Application.Administration.DashboardService.BuildAsync(CancellationToken cancellationToken) in /home/user/Tawaka-Payroll/src/Tawaka.Application/Administration/DashboardService.cs:line 115
   at Tawaka.Ui.Shared.Components.Pages.Dashboard.OnInitializedAsync() in /home/user/Tawaka-Payroll/src/Tawaka.Ui.Shared/Components/Pages/Dashboard.razor:line 240
   at Microsoft.AspNetCore.Components.ComponentBase.RunInitAndSetParametersAsync()
   at Bunit.Rendering.TestRenderer.AssertNoUnhandledExceptions() in /_/src/bunit.core/Rendering/TestRenderer.cs:line 708
   at Bunit.Rendering.TestRenderer.Render[TResult](RenderFragment renderFragment, Func`2 activator) in /_/src/bunit.core/Rendering/TestRenderer.cs:line 553
   at Bunit.Rendering.TestRenderer.RenderFragment(RenderFragment renderFragment) in /_/src/bunit.core/Rendering/TestRenderer.cs:line 116
   at Bunit.Extensions.TestContextBaseRenderExtensions.RenderInsideRenderTree(TestContextBase testContext, RenderFragment renderFragment) in /_/src/bunit.core/Extensions/TestContextBaseRenderExtensions.cs:line 43
   at Bunit.Extensions.TestContextBaseRenderExtensions.RenderInsideRenderTree[TComponent](TestContextBase testContext, RenderFragment renderFragment) in /_/src/bunit.core/Extensions/TestContextBaseRenderExtensions.cs:line 23
   at Bunit.TestContext.Render[TComponent](RenderFragment renderFragment) in /_/src/bunit.web/TestContext.cs:line 68
   at Bunit.TestContext.RenderComponent[TComponent](Action`1 parameterBuilder) in /_/src/bunit.web/TestContext.cs:line 54
   at Tawaka.Ui.Tests.ModuleRenderTests.Every_module_renders_from_its_route(String route, String heading) in /home/user/Tawaka-Payroll/tests/Tawaka.Ui.Tests/ModuleRenderTests.cs:line 38
   at InvokeStub_ModuleRenderTests.Every_module_renders_from_its_route(Object, Span`1)
   at System.Reflection.MethodBaseInvoker.InvokeWithFewArgs(Object obj, BindingFlags invokeAttr, Binder binder, Object[] parameters, CultureInfo culture)</StackTrace>
        </ErrorInfo>
      </Output>
    </UnitTestResult>
    <UnitTestResult executionId="896e76b8-6b9e-4aaf-bbf8-60ee7a1e73c9" testId="4a9e3af9-633b-6e1b-7ec3-c53b2f00ae70" testName="Tawaka.Ui.Tests.ModuleRenderTests.Every_module_renders_from_its_route(route: &quot;reports&quot;, heading: &quot;Reports&quot;)" computerName="vm" duration="00:00:05.3921419" startTime="2026-09-17T16:20:15.8270415+00:00" endTime="2026-09-17T16:20:15.8270655+00:00" testType="13cdc9d9-ddb5-4fa4-a97d-d965ccfc6d4b" outcome="Failed" testListId="8c84fa94-04c1-424b-9868-57a2d4851a1d" relativeResultsDirectory="896e76b8-6b9e-4aaf-bbf8-60ee7a1e73c9">
      <Output>
        <ErrorInfo>
          <Message>System.NotSupportedException : SQLite does not support expressions of type 'DateTimeOffset' in ORDER BY clauses. Convert the values to a supported type, or use LINQ to Objects to order the results on the client side.</Message>
          <StackTrace>   at Microsoft.EntityFrameworkCore.Sqlite.Query.Internal.SqliteQueryableMethodTranslatingExpressionVisitor.TranslateOrderBy(ShapedQueryExpression source, LambdaExpression keySelector, Boolean ascending)
   at Microsoft.EntityFrameworkCore.Query.QueryableMethodTranslatingExpressionVisitor.VisitMethodCall(MethodCallExpression methodCallExpression)
   at Microsoft.EntityFrameworkCore.Query.RelationalQueryableMethodTranslatingExpressionVisitor.VisitMethodCall(MethodCallExpression methodCallExpression)
   at Microsoft.EntityFrameworkCore.Query.QueryableMethodTranslatingExpressionVisitor.VisitMethodCall(MethodCallExpression methodCallExpression)
   at Microsoft.EntityFrameworkCore.Query.RelationalQueryableMethodTranslatingExpressionVisitor.VisitMethodCall(MethodCallExpression methodCallExpression)
   at Microsoft.EntityFrameworkCore.Query.QueryableMethodTranslatingExpressionVisitor.VisitMethodCall(MethodCallExpression methodCallExpression)
   at Microsoft.EntityFrameworkCore.Query.RelationalQueryableMethodTranslatingExpressionVisitor.VisitMethodCall(MethodCallExpression methodCallExpression)
   at Microsoft.EntityFrameworkCore.Query.QueryableMethodTranslatingExpressionVisitor.VisitMethodCall(MethodCallExpression methodCallExpression)
   at Microsoft.EntityFrameworkCore.Query.RelationalQueryableMethodTranslatingExpressionVisitor.VisitMethodCall(MethodCallExpression methodCallExpression)
   at Microsoft.EntityFrameworkCore.Query.QueryableMethodTranslatingExpressionVisitor.Translate(Expression expression)
   at Microsoft.EntityFrameworkCore.Query.RelationalQueryableMethodTranslatingExpressionVisitor.Translate(Expression expression)
   at Microsoft.EntityFrameworkCore.Query.QueryCompilationContext.CreateQueryExecutor[TResult](Expression query)
   at Microsoft.EntityFrameworkCore.Storage.Database.CompileQuery[TResult](Expression query, Boolean async)
   at Microsoft.EntityFrameworkCore.Query.Internal.QueryCompiler.CompileQueryCore[TResult](IDatabase database, Expression query, IModel model, Boolean async)
   at Microsoft.EntityFrameworkCore.Query.Internal.QueryCompiler.&lt;&gt;c__DisplayClass12_0`1.&lt;ExecuteAsync&gt;b__0()
   at Microsoft.EntityFrameworkCore.Query.Internal.CompiledQueryCache.GetOrAddQuery[TResult](Object cacheKey, Func`1 compiler)
   at Microsoft.EntityFrameworkCore.Query.Internal.QueryCompiler.ExecuteAsync[TResult](Expression query, CancellationToken cancellationToken)
   at Microsoft.EntityFrameworkCore.Query.Internal.EntityQueryProvider.ExecuteAsync[TResult](Expression expression, CancellationToken cancellationToken)
   at Microsoft.EntityFrameworkCore.EntityFrameworkQueryableExtensions.ExecuteAsync[TSource,TResult](MethodInfo operatorMethodInfo, IQueryable`1 source, Expression expression, CancellationToken cancellationToken)
   at Microsoft.EntityFrameworkCore.EntityFrameworkQueryableExtensions.ExecuteAsync[TSource,TResult](MethodInfo operatorMethodInfo, IQueryable`1 source, CancellationToken cancellationToken)
   at Microsoft.EntityFrameworkCore.EntityFrameworkQueryableExtensions.FirstOrDefaultAsync[TSource](IQueryable`1 source, CancellationToken cancellationToken)
   at Tawaka.Application.Administration.DashboardService.BuildAsync(CancellationToken cancellationToken) in /home/user/Tawaka-Payroll/src/Tawaka.Application/Administration/DashboardService.cs:line 115
   at Tawaka.Ui.Shared.Components.Pages.Dashboard.OnInitializedAsync() in /home/user/Tawaka-Payroll/src/Tawaka.Ui.Shared/Components/Pages/Dashboard.razor:line 240
   at Microsoft.AspNetCore.Components.ComponentBase.RunInitAndSetParametersAsync()
   at Bunit.Rendering.TestRenderer.AssertNoUnhandledExceptions() in /_/src/bunit.core/Rendering/TestRenderer.cs:line 708
   at Bunit.Rendering.TestRenderer.Render[TResult](RenderFragment renderFragment, Func`2 activator) in /_/src/bunit.core/Rendering/TestRenderer.cs:line 553
   at Bunit.Rendering.TestRenderer.RenderFragment(RenderFragment renderFragment) in /_/src/bunit.core/Rendering/TestRenderer.cs:line 116
   at Bunit.Extensions.TestContextBaseRenderExtensions.RenderInsideRenderTree(TestContextBase testContext, RenderFragment renderFragment) in /_/src/bunit.core/Extensions/TestContextBaseRenderExtensions.cs:line 43
   at Bunit.Extensions.TestContextBaseRenderExtensions.RenderInsideRenderTree[TComponent](TestContextBase testContext, RenderFragment renderFragment) in /_/src/bunit.core/Extensions/TestContextBaseRenderExtensions.cs:line 23
   at Bunit.TestContext.Render[TComponent](RenderFragment renderFragment) in /_/src/bunit.web/TestContext.cs:line 68
   at Bunit.TestContext.RenderComponent[TComponent](Action`1 parameterBuilder) in /_/src/bunit.web/TestContext.cs:line 54
   at Tawaka.Ui.Tests.ModuleRenderTests.Every_module_renders_from_its_route(String route, String heading) in /home/user/Tawaka-Payroll/tests/Tawaka.Ui.Tests/ModuleRenderTests.cs:line 38
   at System.RuntimeMethodHandle.InvokeMethod(Object target, Void** arguments, Signature sig, Boolean isConstructor)
   at System.Reflection.MethodBaseInvoker.InvokeDirectByRefWithFewArgs(Object obj, Span`1 copyOfArgs, BindingFlags invokeAttr)</StackTrace>
        </ErrorInfo>
      </Output>
    </UnitTestResult>
    <UnitTestResult executionId="300222ca-0391-4796-9939-c1512125b8ed" testId="07ab6fed-a0c6-3056-4789-5b42057ca551" testName="Tawaka.Ui.Tests.ModuleRenderTests.Every_module_renders_from_its_route(route: &quot;settings&quot;, heading: &quot;Settings&quot;)" computerName="vm" duration="00:00:00.5051063" startTime="2026-09-17T16:20:20.8244286+00:00" endTime="2026-09-17T16:20:20.8244290+00:00" testType="13cdc9d9-ddb5-4fa4-a97d-d965ccfc6d4b" outcome="Failed" testListId="8c84fa94-04c1-424b-9868-57a2d4851a1d" relativeResultsDirectory="300222ca-0391-4796-9939-c1512125b8ed">
      <Output>
        <ErrorInfo>
          <Message>System.NotSupportedException : SQLite does not support expressions of type 'DateTimeOffset' in ORDER BY clauses. Convert the values to a supported type, or use LINQ to Objects to order the results on the client side.</Message>
          <StackTrace>   at Microsoft.EntityFrameworkCore.Sqlite.Query.Internal.SqliteQueryableMethodTranslatingExpressionVisitor.TranslateOrderBy(ShapedQueryExpression source, LambdaExpression keySelector, Boolean ascending)
   at Microsoft.EntityFrameworkCore.Query.QueryableMethodTranslatingExpressionVisitor.VisitMethodCall(MethodCallExpression methodCallExpression)
   at Microsoft.EntityFrameworkCore.Query.RelationalQueryableMethodTranslatingExpressionVisitor.VisitMethodCall(MethodCallExpression methodCallExpression)
   at Microsoft.EntityFrameworkCore.Query.QueryableMethodTranslatingExpressionVisitor.VisitMethodCall(MethodCallExpression methodCallExpression)
   at Microsoft.EntityFrameworkCore.Query.RelationalQueryableMethodTranslatingExpressionVisitor.VisitMethodCall(MethodCallExpression methodCallExpression)
   at Microsoft.EntityFrameworkCore.Query.QueryableMethodTranslatingExpressionVisitor.VisitMethodCall(MethodCallExpression methodCallExpression)
   at Microsoft.EntityFrameworkCore.Query.RelationalQueryableMethodTranslatingExpressionVisitor.VisitMethodCall(MethodCallExpression methodCallExpression)
   at Microsoft.EntityFrameworkCore.Query.QueryableMethodTranslatingExpressionVisitor.VisitMethodCall(MethodCallExpression methodCallExpression)
   at Microsoft.EntityFrameworkCore.Query.RelationalQueryableMethodTranslatingExpressionVisitor.VisitMethodCall(MethodCallExpression methodCallExpression)
   at Microsoft.EntityFrameworkCore.Query.QueryableMethodTranslatingExpressionVisitor.Translate(Expression expression)
   at Microsoft.EntityFrameworkCore.Query.RelationalQueryableMethodTranslatingExpressionVisitor.Translate(Expression expression)
   at Microsoft.EntityFrameworkCore.Query.QueryCompilationContext.CreateQueryExecutor[TResult](Expression query)
   at Microsoft.EntityFrameworkCore.Storage.Database.CompileQuery[TResult](Expression query, Boolean async)
   at Microsoft.EntityFrameworkCore.Query.Internal.QueryCompiler.CompileQueryCore[TResult](IDatabase database, Expression query, IModel model, Boolean async)
   at Microsoft.EntityFrameworkCore.Query.Internal.QueryCompiler.&lt;&gt;c__DisplayClass12_0`1.&lt;ExecuteAsync&gt;b__0()
   at Microsoft.EntityFrameworkCore.Query.Internal.CompiledQueryCache.GetOrAddQuery[TResult](Object cacheKey, Func`1 compiler)
   at Microsoft.EntityFrameworkCore.Query.Internal.QueryCompiler.ExecuteAsync[TResult](Expression query, CancellationToken cancellationToken)
   at Microsoft.EntityFrameworkCore.Query.Internal.EntityQueryProvider.ExecuteAsync[TResult](Expression expression, CancellationToken cancellationToken)
   at Microsoft.EntityFrameworkCore.EntityFrameworkQueryableExtensions.ExecuteAsync[TSource,TResult](MethodInfo operatorMethodInfo, IQueryable`1 source, Expression expression, CancellationToken cancellationToken)
   at Microsoft.EntityFrameworkCore.EntityFrameworkQueryableExtensions.ExecuteAsync[TSource,TResult](MethodInfo operatorMethodInfo, IQueryable`1 source, CancellationToken cancellationToken)
   at Microsoft.EntityFrameworkCore.EntityFrameworkQueryableExtensions.FirstOrDefaultAsync[TSource](IQueryable`1 source, CancellationToken cancellationToken)
   at Tawaka.Application.Administration.DashboardService.BuildAsync(CancellationToken cancellationToken) in /home/user/Tawaka-Payroll/src/Tawaka.Application/Administration/DashboardService.cs:line 115
   at Tawaka.Ui.Shared.Components.Pages.Dashboard.OnInitializedAsync() in /home/user/Tawaka-Payroll/src/Tawaka.Ui.Shared/Components/Pages/Dashboard.razor:line 240
   at Microsoft.AspNetCore.Components.ComponentBase.RunInitAndSetParametersAsync()
   at Bunit.Rendering.TestRenderer.AssertNoUnhandledExceptions() in /_/src/bunit.core/Rendering/TestRenderer.cs:line 708
   at Bunit.Rendering.TestRenderer.Render[TResult](RenderFragment renderFragment, Func`2 activator) in /_/src/bunit.core/Rendering/TestRenderer.cs:line 553
   at Bunit.Rendering.TestRenderer.RenderFragment(RenderFragment renderFragment) in /_/src/bunit.core/Rendering/TestRenderer.cs:line 116
   at Bunit.Extensions.TestContextBaseRenderExtensions.RenderInsideRenderTree(TestContextBase testContext, RenderFragment renderFragment) in /_/src/bunit.core/Extensions/TestContextBaseRenderExtensions.cs:line 43
   at Bunit.Extensions.TestContextBaseRenderExtensions.RenderInsideRenderTree[TComponent](TestContextBase testContext, RenderFragment renderFragment) in /_/src/bunit.core/Extensions/TestContextBaseRenderExtensions.cs:line 23
   at Bunit.TestContext.Render[TComponent](RenderFragment renderFragment) in /_/src/bunit.web/TestContext.cs:line 68
   at Bunit.TestContext.RenderComponent[TComponent](Action`1 parameterBuilder) in /_/src/bunit.web/TestContext.cs:line 54
   at Tawaka.Ui.Tests.ModuleRenderTests.Every_module_renders_from_its_route(String route, String heading) in /home/user/Tawaka-Payroll/tests/Tawaka.Ui.Tests/ModuleRenderTests.cs:line 38
   at InvokeStub_ModuleRenderTests.Every_module_renders_from_its_route(Object, Span`1)
   at System.Reflection.MethodBaseInvoker.InvokeWithFewArgs(Object obj, BindingFlags invokeAttr, Binder binder, Object[] parameters, CultureInfo culture)</StackTrace>
        </ErrorInfo>
      </Output>
    </UnitTestResult>
    <UnitTestResult executionId="74dcd920-694e-48ba-8f41-e9f43bd276c9" testId="233b0ac5-aaae-588e-083b-f1142259fd53" testName="Tawaka.Ui.Tests.ModuleRenderTests.Every_module_renders_from_its_route(route: &quot;time-leave&quot;, heading: &quot;Time&quot;)" computerName="vm" duration="00:00:00.3292364" startTime="2026-09-17T16:20:21.6040572+00:00" endTime="2026-09-17T16:20:21.6040573+00:00" testType="13cdc9d9-ddb5-4fa4-a97d-d965ccfc6d4b" outcome="Failed" testListId="8c84fa94-04c1-424b-9868-57a2d4851a1d" relativeResultsDirectory="74dcd920-694e-48ba-8f41-e9f43bd276c9">
      <Output>
        <ErrorInfo>
          <Message>System.NotSupportedException : SQLite does not support expressions of type 'DateTimeOffset' in ORDER BY clauses. Convert the values to a supported type, or use LINQ to Objects to order the results on the client side.</Message>
          <StackTrace>   at Microsoft.EntityFrameworkCore.Sqlite.Query.Internal.SqliteQueryableMethodTranslatingExpressionVisitor.TranslateOrderBy(ShapedQueryExpression source, LambdaExpression keySelector, Boolean ascending)
   at Microsoft.EntityFrameworkCore.Query.QueryableMethodTranslatingExpressionVisitor.VisitMethodCall(MethodCallExpression methodCallExpression)
   at Microsoft.EntityFrameworkCore.Query.RelationalQueryableMethodTranslatingExpressionVisitor.VisitMethodCall(MethodCallExpression methodCallExpression)
   at Microsoft.EntityFrameworkCore.Query.QueryableMethodTranslatingExpressionVisitor.VisitMethodCall(MethodCallExpression methodCallExpression)
   at Microsoft.EntityFrameworkCore.Query.RelationalQueryableMethodTranslatingExpressionVisitor.VisitMethodCall(MethodCallExpression methodCallExpression)
   at Microsoft.EntityFrameworkCore.Query.QueryableMethodTranslatingExpressionVisitor.VisitMethodCall(MethodCallExpression methodCallExpression)
   at Microsoft.EntityFrameworkCore.Query.RelationalQueryableMethodTranslatingExpressionVisitor.VisitMethodCall(MethodCallExpression methodCallExpression)
   at Microsoft.EntityFrameworkCore.Query.QueryableMethodTranslatingExpressionVisitor.VisitMethodCall(MethodCallExpression methodCallExpression)
   at Microsoft.EntityFrameworkCore.Query.RelationalQueryableMethodTranslatingExpressionVisitor.VisitMethodCall(MethodCallExpression methodCallExpression)
   at Microsoft.EntityFrameworkCore.Query.QueryableMethodTranslatingExpressionVisitor.Translate(Expression expression)
   at Microsoft.EntityFrameworkCore.Query.RelationalQueryableMethodTranslatingExpressionVisitor.Translate(Expression expression)
   at Microsoft.EntityFrameworkCore.Query.QueryCompilationContext.CreateQueryExecutor[TResult](Expression query)
   at Microsoft.EntityFrameworkCore.Storage.Database.CompileQuery[TResult](Expression query, Boolean async)
   at Microsoft.EntityFrameworkCore.Query.Internal.QueryCompiler.CompileQueryCore[TResult](IDatabase database, Expression query, IModel model, Boolean async)
   at Microsoft.EntityFrameworkCore.Query.Internal.QueryCompiler.&lt;&gt;c__DisplayClass12_0`1.&lt;ExecuteAsync&gt;b__0()
   at Microsoft.EntityFrameworkCore.Query.Internal.CompiledQueryCache.GetOrAddQuery[TResult](Object cacheKey, Func`1 compiler)
   at Microsoft.EntityFrameworkCore.Query.Internal.QueryCompiler.ExecuteAsync[TResult](Expression query, CancellationToken cancellationToken)
   at Microsoft.EntityFrameworkCore.Query.Internal.EntityQueryProvider.ExecuteAsync[TResult](Expression expression, CancellationToken cancellationToken)
   at Microsoft.EntityFrameworkCore.EntityFrameworkQueryableExtensions.ExecuteAsync[TSource,TResult](MethodInfo operatorMethodInfo, IQueryable`1 source, Expression expression, CancellationToken cancellationToken)
   at Microsoft.EntityFrameworkCore.EntityFrameworkQueryableExtensions.ExecuteAsync[TSource,TResult](MethodInfo operatorMethodInfo, IQueryable`1 source, CancellationToken cancellationToken)
   at Microsoft.EntityFrameworkCore.EntityFrameworkQueryableExtensions.FirstOrDefaultAsync[TSource](IQueryable`1 source, CancellationToken cancellationToken)
   at Tawaka.Application.Administration.DashboardService.BuildAsync(CancellationToken cancellationToken) in /home/user/Tawaka-Payroll/src/Tawaka.Application/Administration/DashboardService.cs:line 115
   at Tawaka.Ui.Shared.Components.Pages.Dashboard.OnInitializedAsync() in /home/user/Tawaka-Payroll/src/Tawaka.Ui.Shared/Components/Pages/Dashboard.razor:line 240
   at Microsoft.AspNetCore.Components.ComponentBase.RunInitAndSetParametersAsync()
   at Bunit.Rendering.TestRenderer.AssertNoUnhandledExceptions() in /_/src/bunit.core/Rendering/TestRenderer.cs:line 708
   at Bunit.Rendering.TestRenderer.Render[TResult](RenderFragment renderFragment, Func`2 activator) in /_/src/bunit.core/Rendering/TestRenderer.cs:line 553
   at Bunit.Rendering.TestRenderer.RenderFragment(RenderFragment renderFragment) in /_/src/bunit.core/Rendering/TestRenderer.cs:line 116
   at Bunit.Extensions.TestContextBaseRenderExtensions.RenderInsideRenderTree(TestContextBase testContext, RenderFragment renderFragment) in /_/src/bunit.core/Extensions/TestContextBaseRenderExtensions.cs:line 43
   at Bunit.Extensions.TestContextBaseRenderExtensions.RenderInsideRenderTree[TComponent](TestContextBase testContext, RenderFragment renderFragment) in /_/src/bunit.core/Extensions/TestContextBaseRenderExtensions.cs:line 23
   at Bunit.TestContext.Render[TComponent](RenderFragment renderFragment) in /_/src/bunit.web/TestContext.cs:line 68
   at Bunit.TestContext.RenderComponent[TComponent](Action`1 parameterBuilder) in /_/src/bunit.web/TestContext.cs:line 54
   at Tawaka.Ui.Tests.ModuleRenderTests.Every_module_renders_from_its_route(String route, String heading) in /home/user/Tawaka-Payroll/tests/Tawaka.Ui.Tests/ModuleRenderTests.cs:line 38
   at InvokeStub_ModuleRenderTests.Every_module_renders_from_its_route(Object, Span`1)
   at System.Reflection.MethodBaseInvoker.InvokeWithFewArgs(Object obj, BindingFlags invokeAttr, Binder binder, Object[] parameters, CultureInfo culture)</StackTrace>
        </ErrorInfo>
      </Output>
    </UnitTestResult>
  </Results>
  <TestDefinitions>
    <UnitTest name="Tawaka.Ui.Tests.ModuleRenderTests.Every_module_renders_from_its_route(route: &quot;administration&quot;, heading: &quot;Administration&quot;)" storage="/home/user/tawaka-payroll/tests/tawaka.ui.tests/bin/debug/net8.0/tawaka.ui.tests.dll" id="bba86092-1f87-76b0-7adc-0c94726f3c43">
      <Execution id="2234ff28-69ab-4250-9ae3-6a78c4036f2d" />
      <TestMethod codeBase="/home/user/Tawaka-Payroll/tests/Tawaka.Ui.Tests/bin/Debug/net8.0/Tawaka.Ui.Tests.dll" adapterTypeName="executor://xunit/VsTestRunner2/netcoreapp" className="Tawaka.Ui.Tests.ModuleRenderTests" name="Every_module_renders_from_its_route" />
    </UnitTest>
    <UnitTest name="Tawaka.Ui.Tests.ModuleRenderTests.Every_module_renders_from_its_route(route: &quot;projects&quot;, heading: &quot;Projects&quot;)" storage="/home/user/tawaka-payroll/tests/tawaka.ui.tests/bin/debug/net8.0/tawaka.ui.tests.dll" id="c3fdfe13-0436-a40c-81d1-b7a99e777777">
      <Execution id="5de86fbe-1982-47b3-953a-172ff186deb2" />
      <TestMethod codeBase="/home/user/Tawaka-Payroll/tests/Tawaka.Ui.Tests/bin/Debug/net8.0/Tawaka.Ui.Tests.dll" adapterTypeName="executor://xunit/VsTestRunner2/netcoreapp" className="Tawaka.Ui.Tests.ModuleRenderTests" name="Every_module_renders_from_its_route" />
    </UnitTest>
    <UnitTest name="Tawaka.Ui.Tests.ModuleRenderTests.Every_module_renders_from_its_route(route: &quot;payroll&quot;, heading: &quot;Payroll&quot;)" storage="/home/user/tawaka-payroll/tests/tawaka.ui.tests/bin/debug/net8.0/tawaka.ui.tests.dll" id="c5c7a517-f692-e086-e0da-e0dfc05900e1">
      <Execution id="1414d822-098d-42c4-a237-b1da2c55051e" />
      <TestMethod codeBase="/home/user/Tawaka-Payroll/tests/Tawaka.Ui.Tests/bin/Debug/net8.0/Tawaka.Ui.Tests.dll" adapterTypeName="executor://xunit/VsTestRunner2/netcoreapp" className="Tawaka.Ui.Tests.ModuleRenderTests" name="Every_module_renders_from_its_route" />
    </UnitTest>
    <UnitTest name="Tawaka.Ui.Tests.ModuleRenderTests.Every_module_renders_from_its_route(route: &quot;time-leave&quot;, heading: &quot;Time&quot;)" storage="/home/user/tawaka-payroll/tests/tawaka.ui.tests/bin/debug/net8.0/tawaka.ui.tests.dll" id="233b0ac5-aaae-588e-083b-f1142259fd53">
      <Execution id="74dcd920-694e-48ba-8f41-e9f43bd276c9" />
      <TestMethod codeBase="/home/user/Tawaka-Payroll/tests/Tawaka.Ui.Tests/bin/Debug/net8.0/Tawaka.Ui.Tests.dll" adapterTypeName="executor://xunit/VsTestRunner2/netcoreapp" className="Tawaka.Ui.Tests.ModuleRenderTests" name="Every_module_renders_from_its_route" />
    </UnitTest>
    <UnitTest name="Tawaka.Ui.Tests.ModuleRenderTests.Every_module_renders_from_its_route(route: &quot;employees/new&quot;, heading: &quot;New employee&quot;)" storage="/home/user/tawaka-payroll/tests/tawaka.ui.tests/bin/debug/net8.0/tawaka.ui.tests.dll" id="e22346f6-fdd7-7c4f-bf5c-9ad512ff279e">
      <Execution id="665b9b04-5a39-4992-8b71-ed856b4f99e8" />
      <TestMethod codeBase="/home/user/Tawaka-Payroll/tests/Tawaka.Ui.Tests/bin/Debug/net8.0/Tawaka.Ui.Tests.dll" adapterTypeName="executor://xunit/VsTestRunner2/netcoreapp" className="Tawaka.Ui.Tests.ModuleRenderTests" name="Every_module_renders_from_its_route" />
    </UnitTest>
    <UnitTest name="Tawaka.Ui.Tests.ModuleRenderTests.Every_module_renders_from_its_route(route: &quot;reports&quot;, heading: &quot;Reports&quot;)" storage="/home/user/tawaka-payroll/tests/tawaka.ui.tests/bin/debug/net8.0/tawaka.ui.tests.dll" id="4a9e3af9-633b-6e1b-7ec3-c53b2f00ae70">
      <Execution id="896e76b8-6b9e-4aaf-bbf8-60ee7a1e73c9" />
      <TestMethod codeBase="/home/user/Tawaka-Payroll/tests/Tawaka.Ui.Tests/bin/Debug/net8.0/Tawaka.Ui.Tests.dll" adapterTypeName="executor://xunit/VsTestRunner2/netcoreapp" className="Tawaka.Ui.Tests.ModuleRenderTests" name="Every_module_renders_from_its_route" />
    </UnitTest>
    <UnitTest name="Tawaka.Ui.Tests.ModuleRenderTests.Every_module_renders_from_its_route(route: &quot;statutory&quot;, heading: &quot;Statutory&quot;)" storage="/home/user/tawaka-payroll/tests/tawaka.ui.tests/bin/debug/net8.0/tawaka.ui.tests.dll" id="a46c5ffd-8bb7-a188-26c8-24b80db47c39">
      <Execution id="01d1893c-3590-4144-9fac-e67d35c69c7e" />
      <TestMethod codeBase="/home/user/Tawaka-Payroll/tests/Tawaka.Ui.Tests/bin/Debug/net8.0/Tawaka.Ui.Tests.dll" adapterTypeName="executor://xunit/VsTestRunner2/netcoreapp" className="Tawaka.Ui.Tests.ModuleRenderTests" name="Every_module_renders_from_its_route" />
    </UnitTest>
    <UnitTest name="Tawaka.Ui.Tests.ModuleRenderTests.Every_module_renders_from_its_route(route: &quot;loans&quot;, heading: &quot;Loans&quot;)" storage="/home/user/tawaka-payroll/tests/tawaka.ui.tests/bin/debug/net8.0/tawaka.ui.tests.dll" id="e4641662-897a-4834-e001-fa236ad770ed">
      <Execution id="773e0a80-e894-4d6d-9bf3-018661020bc2" />
      <TestMethod codeBase="/home/user/Tawaka-Payroll/tests/Tawaka.Ui.Tests/bin/Debug/net8.0/Tawaka.Ui.Tests.dll" adapterTypeName="executor://xunit/VsTestRunner2/netcoreapp" className="Tawaka.Ui.Tests.ModuleRenderTests" name="Every_module_renders_from_its_route" />
    </UnitTest>
    <UnitTest name="Tawaka.Ui.Tests.ModuleRenderTests.Every_module_renders_from_its_route(route: &quot;settings&quot;, heading: &quot;Settings&quot;)" storage="/home/user/tawaka-payroll/tests/tawaka.ui.tests/bin/debug/net8.0/tawaka.ui.tests.dll" id="07ab6fed-a0c6-3056-4789-5b42057ca551">
      <Execution id="300222ca-0391-4796-9939-c1512125b8ed" />
      <TestMethod codeBase="/home/user/Tawaka-Payroll/tests/Tawaka.Ui.Tests/bin/Debug/net8.0/Tawaka.Ui.Tests.dll" adapterTypeName="executor://xunit/VsTestRunner2/netcoreapp" className="Tawaka.Ui.Tests.ModuleRenderTests" name="Every_module_renders_from_its_route" />
    </UnitTest>
    <UnitTest name="Tawaka.Ui.Tests.ModuleRenderTests.Every_module_renders_from_its_route(route: &quot;employees&quot;, heading: &quot;Employees&quot;)" storage="/home/user/tawaka-payroll/tests/tawaka.ui.tests/bin/debug/net8.0/tawaka.ui.tests.dll" id="502971bc-56e8-eefb-3d52-bb7c92c86f9d">
      <Execution id="70461398-fdf0-494a-8eca-4a5555260a22" />
      <TestMethod codeBase="/home/user/Tawaka-Payroll/tests/Tawaka.Ui.Tests/bin/Debug/net8.0/Tawaka.Ui.Tests.dll" adapterTypeName="executor://xunit/VsTestRunner2/netcoreapp" className="Tawaka.Ui.Tests.ModuleRenderTests" name="Every_module_renders_from_its_route" />
    </UnitTest>
    <UnitTest name="Tawaka.Ui.Tests.ModuleRenderTests.Every_module_renders_from_its_route(route: &quot;&quot;, heading: &quot;Dashboard&quot;)" storage="/home/user/tawaka-payroll/tests/tawaka.ui.tests/bin/debug/net8.0/tawaka.ui.tests.dll" id="d77c4ca1-f42d-1448-c0be-157309037539">
      <Execution id="f4cec287-555e-4e33-9847-731dad3374c1" />
      <TestMethod codeBase="/home/user/Tawaka-Payroll/tests/Tawaka.Ui.Tests/bin/Debug/net8.0/Tawaka.Ui.Tests.dll" adapterTypeName="executor://xunit/VsTestRunner2/netcoreapp" className="Tawaka.Ui.Tests.ModuleRenderTests" name="Every_module_renders_from_its_route" />
    </UnitTest>
  </TestDefinitions>
  <TestEntries>
    <TestEntry testId="c3fdfe13-0436-a40c-81d1-b7a99e777777" executionId="5de86fbe-1982-47b3-953a-172ff186deb2" testListId="8c84fa94-04c1-424b-9868-57a2d4851a1d" />
    <TestEntry testId="a46c5ffd-8bb7-a188-26c8-24b80db47c39" executionId="01d1893c-3590-4144-9fac-e67d35c69c7e" testListId="8c84fa94-04c1-424b-9868-57a2d4851a1d" />
    <TestEntry testId="e22346f6-fdd7-7c4f-bf5c-9ad512ff279e" executionId="665b9b04-5a39-4992-8b71-ed856b4f99e8" testListId="8c84fa94-04c1-424b-9868-57a2d4851a1d" />
    <TestEntry testId="c5c7a517-f692-e086-e0da-e0dfc05900e1" executionId="1414d822-098d-42c4-a237-b1da2c55051e" testListId="8c84fa94-04c1-424b-9868-57a2d4851a1d" />
    <TestEntry testId="502971bc-56e8-eefb-3d52-bb7c92c86f9d" executionId="70461398-fdf0-494a-8eca-4a5555260a22" testListId="8c84fa94-04c1-424b-9868-57a2d4851a1d" />
    <TestEntry testId="bba86092-1f87-76b0-7adc-0c94726f3c43" executionId="2234ff28-69ab-4250-9ae3-6a78c4036f2d" testListId="8c84fa94-04c1-424b-9868-57a2d4851a1d" />
    <TestEntry testId="d77c4ca1-f42d-1448-c0be-157309037539" executionId="f4cec287-555e-4e33-9847-731dad3374c1" testListId="8c84fa94-04c1-424b-9868-57a2d4851a1d" />
    <TestEntry testId="e4641662-897a-4834-e001-fa236ad770ed" executionId="773e0a80-e894-4d6d-9bf3-018661020bc2" testListId="8c84fa94-04c1-424b-9868-57a2d4851a1d" />
    <TestEntry testId="4a9e3af9-633b-6e1b-7ec3-c53b2f00ae70" executionId="896e76b8-6b9e-4aaf-bbf8-60ee7a1e73c9" testListId="8c84fa94-04c1-424b-9868-57a2d4851a1d" />
    <TestEntry testId="07ab6fed-a0c6-3056-4789-5b42057ca551" executionId="300222ca-0391-4796-9939-c1512125b8ed" testListId="8c84fa94-04c1-424b-9868-57a2d4851a1d" />
    <TestEntry testId="233b0ac5-aaae-588e-083b-f1142259fd53" executionId="74dcd920-694e-48ba-8f41-e9f43bd276c9" testListId="8c84fa94-04c1-424b-9868-57a2d4851a1d" />
  </TestEntries>
  <TestLists>
    <TestList name="Results Not in a List" id="8c84fa94-04c1-424b-9868-57a2d4851a1d" />
    <TestList name="All Loaded Results" id="19431567-8539-422a-85d7-44ee4e166bda" />
  </TestLists>
  <ResultSummary outcome="Failed">
    <Counters total="11" executed="11" passed="0" failed="11" error="0" timeout="0" aborted="0" inconclusive="0" passedButRunAborted="0" notRunnable="0" notExecuted="0" disconnected="0" warning="0" completed="0" inProgress="0" pending="0" />
    <Output>
      <StdOut>[xUnit.net 00:00:00.00] xUnit.net VSTest Adapter v2.4.5+1caef2f33e (64-bit .NET 8.0.31)
[xUnit.net 00:00:00.48]   Discovering: Tawaka.Ui.Tests
[xUnit.net 00:00:00.52]   Discovered:  Tawaka.Ui.Tests
[xUnit.net 00:00:00.53]   Starting:    Tawaka.Ui.Tests
[xUnit.net 00:00:05.98]       System.NotSupportedException : SQLite does not support expressions of type 'DateTimeOffset' in ORDER BY clauses. Convert the values to a supported type, or use LINQ to Objects to order the results on the client side.
[xUnit.net 00:00:05.98]       Stack Trace:
[xUnit.net 00:00:05.98]            at Microsoft.EntityFrameworkCore.Sqlite.Query.Internal.SqliteQueryableMethodTranslatingExpressionVisitor.TranslateOrderBy(ShapedQueryExpression source, LambdaExpression keySelector, Boolean ascending)
[xUnit.net 00:00:05.98]            at Microsoft.EntityFrameworkCore.Query.QueryableMethodTranslatingExpressionVisitor.VisitMethodCall(MethodCallExpression methodCallExpression)
[xUnit.net 00:00:05.98]            at Microsoft.EntityFrameworkCore.Query.RelationalQueryableMethodTranslatingExpressionVisitor.VisitMethodCall(MethodCallExpression methodCallExpression)
[xUnit.net 00:00:05.98]            at Microsoft.EntityFrameworkCore.Query.QueryableMethodTranslatingExpressionVisitor.VisitMethodCall(MethodCallExpression methodCallExpression)
[xUnit.net 00:00:05.98]            at Microsoft.EntityFrameworkCore.Query.RelationalQueryableMethodTranslatingExpressionVisitor.VisitMethodCall(MethodCallExpression methodCallExpression)
[xUnit.net 00:00:05.98]            at Microsoft.EntityFrameworkCore.Query.QueryableMethodTranslatingExpressionVisitor.VisitMethodCall(MethodCallExpression methodCallExpression)
[xUnit.net 00:00:05.98]            at Microsoft.EntityFrameworkCore.Query.RelationalQueryableMethodTranslatingExpressionVisitor.VisitMethodCall(MethodCallExpression methodCallExpression)
[xUnit.net 00:00:05.98]            at Microsoft.EntityFrameworkCore.Query.QueryableMethodTranslatingExpressionVisitor.VisitMethodCall(MethodCallExpression methodCallExpression)
[xUnit.net 00:00:05.98]            at Microsoft.EntityFrameworkCore.Query.RelationalQueryableMethodTranslatingExpressionVisitor.VisitMethodCall(MethodCallExpression methodCallExpression)
[xUnit.net 00:00:05.98]            at Microsoft.EntityFrameworkCore.Query.QueryableMethodTranslatingExpressionVisitor.Translate(Expression expression)
[xUnit.net 00:00:05.98]            at Microsoft.EntityFrameworkCore.Query.RelationalQueryableMethodTranslatingExpressionVisitor.Translate(Expression expression)
[xUnit.net 00:00:05.98]            at Microsoft.EntityFrameworkCore.Query.QueryCompilationContext.CreateQueryExecutor[TResult](Expression query)
[xUnit.net 00:00:05.98]            at Microsoft.EntityFrameworkCore.Storage.Database.CompileQuery[TResult](Expression query, Boolean async)
[xUnit.net 00:00:05.98]            at Microsoft.EntityFrameworkCore.Query.Internal.QueryCompiler.CompileQueryCore[TResult](IDatabase database, Expression query, IModel model, Boolean async)
[xUnit.net 00:00:05.98]            at Microsoft.EntityFrameworkCore.Query.Internal.QueryCompiler.&lt;&gt;c__DisplayClass12_0`1.&lt;ExecuteAsync&gt;b__0()
[xUnit.net 00:00:05.98]            at Microsoft.EntityFrameworkCore.Query.Internal.CompiledQueryCache.GetOrAddQuery[TResult](Object cacheKey, Func`1 compiler)
[xUnit.net 00:00:05.98]            at Microsoft.EntityFrameworkCore.Query.Internal.QueryCompiler.ExecuteAsync[TResult](Expression query, CancellationToken cancellationToken)
[...]
[xUnit.net 00:00:10.98]            at Microsoft.EntityFrameworkCore.Query.Internal.QueryCompiler.CompileQueryCore[TResult](IDatabase database, Expression query, IModel model, Boolean async)
[xUnit.net 00:00:10.98]            at Microsoft.EntityFrameworkCore.Query.Internal.QueryCompiler.&lt;&gt;c__DisplayClass12_0`1.&lt;ExecuteAsync&gt;b__0()
[xUnit.net 00:00:10.98]            at Microsoft.EntityFrameworkCore.Query.Internal.CompiledQueryCache.GetOrAddQuery[TResult](Object cacheKey, Func`1 compiler)
[xUnit.net 00:00:10.98]            at Microsoft.EntityFrameworkCore.Query.Internal.QueryCompiler.ExecuteAsync[TResult](Expression query, CancellationToken cancellationToken)
[xUnit.net 00:00:10.98]            at Microsoft.EntityFrameworkCore.Query.Internal.EntityQueryProvider.ExecuteAsync[TResult](Expression expression, CancellationToken cancellationToken)
[xUnit.net 00:00:10.98]            at Microsoft.EntityFrameworkCore.EntityFrameworkQueryableExtensions.ExecuteAsync[TSource,TResult](MethodInfo operatorMethodInfo, IQueryable`1 source, Expression expression, CancellationToken cancellationToken)
[xUnit.net 00:00:10.98]            at Microsoft.EntityFrameworkCore.EntityFrameworkQueryableExtensions.ExecuteAsync[TSource,TResult](MethodInfo operatorMethodInfo, IQueryable`1 source, CancellationToken cancellationToken)
[xUnit.net 00:00:10.98]            at Microsoft.EntityFrameworkCore.EntityFrameworkQueryableExtensions.FirstOrDefaultAsync[TSource](IQueryable`1 source, CancellationToken cancellationToken)
[xUnit.net 00:00:10.98]         /home/user/Tawaka-Payroll/src/Tawaka.Application/Administration/DashboardService.cs(115,0): at Tawaka.Application.Administration.DashboardService.BuildAsync(CancellationToken cancellationToken)
[xUnit.net 00:00:10.98]         /home/user/Tawaka-Payroll/src/Tawaka.Ui.Shared/Components/Pages/Dashboard.razor(240,0): at Tawaka.Ui.Shared.Components.Pages.Dashboard.OnInitializedAsync()
[xUnit.net 00:00:10.98]            at Microsoft.AspNetCore.Components.ComponentBase.RunInitAndSetParametersAsync()
[xUnit.net 00:00:10.98]         /_/src/bunit.core/Rendering/TestRenderer.cs(708,0): at Bunit.Rendering.TestRenderer.AssertNoUnhandledExceptions()
[xUnit.net 00:00:10.98]         /_/src/bunit.core/Rendering/TestRenderer.cs(553,0): at Bunit.Rendering.TestRenderer.Render[TResult](RenderFragment renderFragment, Func`2 activator)
[xUnit.net 00:00:10.98]         /_/src/bunit.core/Rendering/TestRenderer.cs(116,0): at Bunit.Rendering.TestRenderer.RenderFragment(RenderFragment renderFragment)
[xUnit.net 00:00:10.98]         /_/src/bunit.core/Extensions/TestContextBaseRenderExtensions.cs(43,0): at Bunit.Extensions.TestContextBaseRenderExtensions.RenderInsideRenderTree(TestContextBase testContext, RenderFragment renderFragment)
[xUnit.net 00:00:10.98]         /_/src/bunit.core/Extensions/TestContextBaseRenderExtensions.cs(23,0): at Bunit.Extensions.TestContextBaseRenderExtensions.RenderInsideRenderTree[TComponent](TestContextBase testContext, RenderFragment renderFragment)
[xUnit.net 00:00:10.98]         /_/src/bunit.web/TestContext.cs(68,0): at Bunit.TestContext.Render[TComponent](RenderFragment renderFragment)
[xUnit.net 00:00:10.98]         /_/src/bunit.web/TestContext.cs(54,0): at Bunit.TestContext.RenderComponent[TComponent](Action`1 parameterBuilder)
[xUnit.net 00:00:10.98]         /home/user/Tawaka-Payroll/tests/Tawaka.Ui.Tests/ModuleRenderTests.cs(38,0): at Tawaka.Ui.Tests.ModuleRenderTests.Every_module_renders_from_its_route(String route, String heading)
[xUnit.net 00:00:10.98]            at InvokeStub_ModuleRenderTests.Every_module_renders_from_its_route(Object, Span`1)
[xUnit.net 00:00:10.98]            at System.Reflection.MethodBaseInvoker.InvokeWithFewArgs(Object obj, BindingFlags invokeAttr, Binder binder, Object[] parameters, CultureInfo culture)
[xUnit.net 00:00:11.43]       System.NotSupportedException : SQLite does not support expressions of type 'DateTimeOffset' in ORDER BY clauses. Convert the values to a supported type, or use LINQ to Objects to order the results on the client side.
[xUnit.net 00:00:11.43]       Stack Trace:
[xUnit.net 00:00:11.43]            at Microsoft.EntityFrameworkCore.Sqlite.Query.Internal.SqliteQueryableMethodTranslatingExpressionVisitor.TranslateOrderBy(ShapedQueryExpression source, LambdaExpression keySelector, Boolean ascending)
[xUnit.net 00:00:11.43]            at Microsoft.EntityFrameworkCore.Query.QueryableMethodTranslatingExpressionVisitor.VisitMethodCall(MethodCallExpression methodCallExpression)
[xUnit.net 00:00:11.43]            at Microsoft.EntityFrameworkCore.Query.RelationalQueryableMethodTranslatingExpressionVisitor.VisitMethodCall(MethodCallExpression methodCallExpression)
[xUnit.net 00:00:11.43]            at Microsoft.EntityFrameworkCore.Query.QueryableMethodTranslatingExpressionVisitor.VisitMethodCall(MethodCallExpression methodCallExpression)
[xUnit.net 00:00:11.43]            at Microsoft.EntityFrameworkCore.Query.RelationalQueryableMethodTranslatingExpressionVisitor.VisitMethodCall(MethodCallExpression methodCallExpression)
[xUnit.net 00:00:11.43]            at Microsoft.EntityFrameworkCore.Query.QueryableMethodTranslatingExpressionVisitor.VisitMethodCall(MethodCallExpression methodCallExpression)
[xUnit.net 00:00:11.43]            at Microsoft.EntityFrameworkCore.Query.RelationalQueryableMethodTranslatingExpressionVisitor.VisitMethodCall(MethodCallExpression methodCallExpression)
[xUnit.net 00:00:11.43]            at Microsoft.EntityFrameworkCore.Query.QueryableMethodTranslatingExpressionVisitor.VisitMethodCall(MethodCallExpression methodCallExpression)
[xUnit.net 00:00:11.43]            at Microsoft.EntityFrameworkCore.Query.RelationalQueryableMethodTranslatingExpressionVisitor.VisitMethodCall(MethodCallExpression methodCallExpression)
[xUnit.net 00:00:11.43]            at Microsoft.EntityFrameworkCore.Query.QueryableMethodTranslatingExpressionVisitor.Translate(Expression expression)
[xUnit.net 00:00:11.43]            at Microsoft.EntityFrameworkCore.Query.RelationalQueryableMethodTranslatingExpressionVisitor.Translate(Expression expression)
[xUnit.net 00:00:11.43]            at Microsoft.EntityFrameworkCore.Query.QueryCompilationContext.CreateQueryExecutor[TResult](Expression query)
[xUnit.net 00:00:11.43]            at Microsoft.EntityFrameworkCore.Storage.Database.CompileQuery[TResult](Expression query, Boolean async)
[xUnit.net 00:00:11.43]            at Microsoft.EntityFrameworkCore.Query.Internal.QueryCompiler.CompileQueryCore[TResult](IDatabase database, Expression query, IModel model, Boolean async)
[xUnit.net 00:00:11.43]            at Microsoft.EntityFrameworkCore.Query.Internal.QueryCompiler.&lt;&gt;c__DisplayClass12_0`1.&lt;ExecuteAsync&gt;b__0()
[xUnit.net 00:00:11.43]            at Microsoft.EntityFrameworkCore.Query.Internal.CompiledQueryCache.GetOrAddQuery[TResult](Object cacheKey, Func`1 compiler)
[xUnit.net 00:00:11.43]            at Microsoft.EntityFrameworkCore.Query.Internal.QueryCompiler.ExecuteAsync[TResult](Expression query, CancellationToken cancellationToken)
[xUnit.net 00:00:11.43]            at Microsoft.EntityFrameworkCore.Query.Internal.EntityQueryProvider.ExecuteAsync[TResult](Expression expression, CancellationToken cancellationToken)
[xUnit.net 00:00:11.43]            at Microsoft.EntityFrameworkCore.EntityFrameworkQueryableExtensions.ExecuteAsync[TSource,TResult](MethodInfo operatorMethodInfo, IQueryable`1 source, Expression expression, CancellationToken cancellationToken)
[xUnit.net 00:00:11.43]            at Microsoft.EntityFrameworkCore.EntityFrameworkQueryableExtensions.ExecuteAsync[TSource,TResult](MethodInfo operatorMethodInfo, IQueryable`1 source, CancellationToken cancellationToken)
[xUnit.net 00:00:11.43]            at Microsoft.EntityFrameworkCore.EntityFrameworkQueryableExtensions.FirstOrDefaultAsync[TSource](IQueryable`1 source, CancellationToken cancellationToken)
[xUnit.net 00:00:11.43]         /home/user/Tawaka-Payroll/src/Tawaka.Application/Administration/DashboardService.cs(115,0): at Tawaka.Application.Administration.DashboardService.BuildAsync(CancellationToken cancellationToken)
[xUnit.net 00:00:11.43]         /home/user/Tawaka-Payroll/src/Tawaka.Ui.Shared/Components/Pages/Dashboard.razor(240,0): at Tawaka.Ui.Shared.Components.Pages.Dashboard.OnInitializedAsync()
[xUnit.net 00:00:11.43]            at Microsoft.AspNetCore.Components.ComponentBase.RunInitAndSetParametersAsync()
[xUnit.net 00:00:11.43]         /_/src/bunit.core/Rendering/TestRenderer.cs(708,0): at Bunit.Rendering.TestRenderer.AssertNoUnhandledExceptions()
[xUnit.net 00:00:11.43]         /_/src/bunit.core/Rendering/TestRenderer.cs(553,0): at Bunit.Rendering.TestRenderer.Render[TResult](RenderFragment renderFragment, Func`2 activator)
[xUnit.net 00:00:11.43]         /_/src/bunit.core/Rendering/TestRenderer.cs(116,0): at Bunit.Rendering.TestRenderer.RenderFragment(RenderFragment renderFragment)
[xUnit.net 00:00:11.43]         /_/src/bunit.core/Extensions/TestContextBaseRenderExtensions.cs(43,0): at Bunit.Extensions.TestContextBaseRenderExtensions.RenderInsideRenderTree(TestContextBase testContext, RenderFragment renderFragment)
[xUnit.net 00:00:11.43]         /_/src/bunit.core/Extensions/TestContextBaseRenderExtensions.cs(23,0): at Bunit.Extensions.TestContextBaseRenderExtensions.RenderInsideRenderTree[TComponent](TestContextBase testContext, RenderFragment renderFragment)
[xUnit.net 00:00:11.43]         /_/src/bunit.web/TestContext.cs(68,0): at Bunit.TestContext.Render[TComponent](RenderFragment renderFragment)
[xUnit.net 00:00:11.43]         /_/src/bunit.web/TestContext.cs(54,0): at Bunit.TestContext.RenderComponent[TComponent](Action`1 parameterBuilder)
[xUnit.net 00:00:11.43]         /home/user/Tawaka-Payroll/tests/Tawaka.Ui.Tests/ModuleRenderTests.cs(38,0): at Tawaka.Ui.Tests.ModuleRenderTests.Every_module_renders_from_its_route(String route, String heading)
[xUnit.net 00:00:11.43]            at InvokeStub_ModuleRenderTests.Every_module_renders_from_its_route(Object, Span`1)
[xUnit.net 00:00:11.43]            at System.Reflection.MethodBaseInvoker.InvokeWithFewArgs(Object obj, BindingFlags invokeAttr, Binder binder, Object[] parameters, CultureInfo culture)
[xUnit.net 00:00:11.76]       System.NotSupportedException : SQLite does not support expressions of type 'DateTimeOffset' in ORDER BY clauses. Convert the values to a supported type, or use LINQ to Objects to order the results on the client side.
[xUnit.net 00:00:11.76]       Stack Trace:
[xUnit.net 00:00:11.76]            at Microsoft.EntityFrameworkCore.Sqlite.Query.Internal.SqliteQueryableMethodTranslatingExpressionVisitor.TranslateOrderBy(ShapedQueryExpression source, LambdaExpression keySelector, Boolean ascending)
[xUnit.net 00:00:11.76]            at Microsoft.EntityFrameworkCore.Query.QueryableMethodTranslatingExpressionVisitor.VisitMethodCall(MethodCallExpression methodCallExpression)
[xUnit.net 00:00:11.76]            at Microsoft.EntityFrameworkCore.Query.RelationalQueryableMethodTranslatingExpressionVisitor.VisitMethodCall(MethodCallExpression methodCallExpression)
[xUnit.net 00:00:11.76]            at Microsoft.EntityFrameworkCore.Query.QueryableMethodTranslatingExpressionVisitor.VisitMethodCall(MethodCallExpression methodCallExpression)
[xUnit.net 00:00:11.76]            at Microsoft.EntityFrameworkCore.Query.RelationalQueryableMethodTranslatingExpressionVisitor.VisitMethodCall(MethodCallExpression methodCallExpression)
[xUnit.net 00:00:11.76]            at Microsoft.EntityFrameworkCore.Query.QueryableMethodTranslatingExpressionVisitor.VisitMethodCall(MethodCallExpression methodCallExpression)
[xUnit.net 00:00:11.76]            at Microsoft.EntityFrameworkCore.Query.RelationalQueryableMethodTranslatingExpressionVisitor.VisitMethodCall(MethodCallExpression methodCallExpression)
[xUnit.net 00:00:11.76]            at Microsoft.EntityFrameworkCore.Query.QueryableMethodTranslatingExpressionVisitor.VisitMethodCall(MethodCallExpression methodCallExpression)
[xUnit.net 00:00:11.76]            at Microsoft.EntityFrameworkCore.Query.RelationalQueryableMethodTranslatingExpressionVisitor.VisitMethodCall(MethodCallExpression methodCallExpression)
[xUnit.net 00:00:11.76]            at Microsoft.EntityFrameworkCore.Query.QueryableMethodTranslatingExpressionVisitor.Translate(Expression expression)
[xUnit.net 00:00:11.76]            at Microsoft.EntityFrameworkCore.Query.RelationalQueryableMethodTranslatingExpressionVisitor.Translate(Expression expression)
[xUnit.net 00:00:11.76]            at Microsoft.EntityFrameworkCore.Query.QueryCompilationContext.CreateQueryExecutor[TResult](Expression query)
[xUnit.net 00:00:11.76]            at Microsoft.EntityFrameworkCore.Storage.Database.CompileQuery[TResult](Expression query, Boolean async)
[xUnit.net 00:00:11.76]            at Microsoft.EntityFrameworkCore.Query.Internal.QueryCompiler.CompileQueryCore[TResult](IDatabase database, Expression query, IModel model, Boolean async)
[xUnit.net 00:00:11.76]            at Microsoft.EntityFrameworkCore.Query.Internal.QueryCompiler.&lt;&gt;c__DisplayClass12_0`1.&lt;ExecuteAsync&gt;b__0()
[xUnit.net 00:00:11.76]            at Microsoft.EntityFrameworkCore.Query.Internal.CompiledQueryCache.GetOrAddQuery[TResult](Object cacheKey, Func`1 compiler)
[xUnit.net 00:00:11.77]            at Microsoft.EntityFrameworkCore.Query.Internal.QueryCompiler.ExecuteAsync[TResult](Expression query, CancellationToken cancellationToken)
[xUnit.net 00:00:11.77]            at Microsoft.EntityFrameworkCore.Query.Internal.EntityQueryProvider.ExecuteAsync[TResult](Expression expression, CancellationToken cancellationToken)
[xUnit.net 00:00:11.77]            at Microsoft.EntityFrameworkCore.EntityFrameworkQueryableExtensions.ExecuteAsync[TSource,TResult](MethodInfo operatorMethodInfo, IQueryable`1 source, Expression expression, CancellationToken cancellationToken)
[xUnit.net 00:00:11.77]            at Microsoft.EntityFrameworkCore.EntityFrameworkQueryableExtensions.ExecuteAsync[TSource,TResult](MethodInfo operatorMethodInfo, IQueryable`1 source, CancellationToken cancellationToken)
[xUnit.net 00:00:11.77]            at Microsoft.EntityFrameworkCore.EntityFrameworkQueryableExtensions.FirstOrDefaultAsync[TSource](IQueryable`1 source, CancellationToken cancellationToken)
[xUnit.net 00:00:11.77]         /home/user/Tawaka-Payroll/src/Tawaka.Application/Administration/DashboardService.cs(115,0): at Tawaka.Application.Administration.DashboardService.BuildAsync(CancellationToken cancellationToken)
[xUnit.net 00:00:11.77]         /home/user/Tawaka-Payroll/src/Tawaka.Ui.Shared/Components/Pages/Dashboard.razor(240,0): at Tawaka.Ui.Shared.Components.Pages.Dashboard.OnInitializedAsync()
[xUnit.net 00:00:11.77]            at Microsoft.AspNetCore.Components.ComponentBase.RunInitAndSetParametersAsync()
[xUnit.net 00:00:11.77]         /_/src/bunit.core/Rendering/TestRenderer.cs(708,0): at Bunit.Rendering.TestRenderer.AssertNoUnhandledExceptions()
[xUnit.net 00:00:11.77]         /_/src/bunit.core/Rendering/TestRenderer.cs(553,0): at Bunit.Rendering.TestRenderer.Render[TResult](RenderFragment renderFragment, Func`2 activator)
[xUnit.net 00:00:11.77]         /_/src/bunit.core/Rendering/TestRenderer.cs(116,0): at Bunit.Rendering.TestRenderer.RenderFragment(RenderFragment renderFragment)
[xUnit.net 00:00:11.77]         /_/src/bunit.core/Extensions/TestContextBaseRenderExtensions.cs(43,0): at Bunit.Extensions.TestContextBaseRenderExtensions.RenderInsideRenderTree(TestContextBase testContext, RenderFragment renderFragment)
[xUnit.net 00:00:11.77]         /_/src/bunit.core/Extensions/TestContextBaseRenderExtensions.cs(23,0): at Bunit.Extensions.TestContextBaseRenderExtensions.RenderInsideRenderTree[TComponent](TestContextBase testContext, RenderFragment renderFragment)
[xUnit.net 00:00:11.77]         /_/src/bunit.web/TestContext.cs(68,0): at Bunit.TestContext.Render[TComponent](RenderFragment renderFragment)
[xUnit.net 00:00:11.77]         /_/src/bunit.web/TestContext.cs(54,0): at Bunit.TestContext.RenderComponent[TComponent](Action`1 parameterBuilder)
[xUnit.net 00:00:11.77]         /home/user/Tawaka-Payroll/tests/Tawaka.Ui.Tests/ModuleRenderTests.cs(38,0): at Tawaka.Ui.Tests.ModuleRenderTests.Every_module_renders_from_its_route(String route, String heading)
[xUnit.net 00:00:11.77]            at InvokeStub_ModuleRenderTests.Every_module_renders_from_its_route(Object, Span`1)
[xUnit.net 00:00:11.77]            at System.Reflection.MethodBaseInvoker.InvokeWithFewArgs(Object obj, BindingFlags invokeAttr, Binder binder, Object[] parameters, CultureInfo culture)
[xUnit.net 00:00:11.77]   Finished:    Tawaka.Ui.Tests
</StdOut>
    </Output>
    <RunInfos>
      <RunInfo computerName="vm" outcome="Error" timestamp="2026-09-17T16:20:15.8229756+00:00">
        <Text>[xUnit.net 00:00:05.98]     Tawaka.Ui.Tests.ModuleRenderTests.Every_module_renders_from_its_route(route: "reports", heading: "Reports") [FAIL]</Text>
      </RunInfo>
      <RunInfo computerName="vm" outcome="Error" timestamp="2026-09-17T16:20:16.3925029+00:00">
        <Text>[xUnit.net 00:00:06.55]     Tawaka.Ui.Tests.ModuleRenderTests.Every_module_renders_from_its_route(route: "projects", heading: "Projects") [FAIL]</Text>
      </RunInfo>
      <RunInfo computerName="vm" outcome="Error" timestamp="2026-09-17T16:20:17.1686190+00:00">
        <Text>[xUnit.net 00:00:07.33]     Tawaka.Ui.Tests.ModuleRenderTests.Every_module_renders_from_its_route(route: "loans", heading: "Loans") [FAIL]</Text>
      </RunInfo>
      <RunInfo computerName="vm" outcome="Error" timestamp="2026-09-17T16:20:17.6456536+00:00">
        <Text>[xUnit.net 00:00:07.81]     Tawaka.Ui.Tests.ModuleRenderTests.Every_module_renders_from_its_route(route: "employees/new", heading: "New employee") [FAIL]</Text>
      </RunInfo>
      <RunInfo computerName="vm" outcome="Error" timestamp="2026-09-17T16:20:18.3979433+00:00">
        <Text>[xUnit.net 00:00:08.56]     Tawaka.Ui.Tests.ModuleRenderTests.Every_module_renders_from_its_route(route: "", heading: "Dashboard") [FAIL]</Text>
      </RunInfo>
      <RunInfo computerName="vm" outcome="Error" timestamp="2026-09-17T16:20:18.9726258+00:00">
        <Text>[xUnit.net 00:00:09.13]     Tawaka.Ui.Tests.ModuleRenderTests.Every_module_renders_from_its_route(route: "administration", heading: "Administration") [FAIL]</Text>
      </RunInfo>
      <RunInfo computerName="vm" outcome="Error" timestamp="2026-09-17T16:20:19.7190771+00:00">
        <Text>[xUnit.net 00:00:09.88]     Tawaka.Ui.Tests.ModuleRenderTests.Every_module_renders_from_its_route(route: "employees", heading: "Employees") [FAIL]</Text>
      </RunInfo>
      <RunInfo computerName="vm" outcome="Error" timestamp="2026-09-17T16:20:20.3162955+00:00">
        <Text>[xUnit.net 00:00:10.48]     Tawaka.Ui.Tests.ModuleRenderTests.Every_module_renders_from_its_route(route: "statutory", heading: "Statutory") [FAIL]</Text>
      </RunInfo>
      <RunInfo computerName="vm" outcome="Error" timestamp="2026-09-17T16:20:20.8242846+00:00">
        <Text>[xUnit.net 00:00:10.98]     Tawaka.Ui.Tests.ModuleRenderTests.Every_module_renders_from_its_route(route: "settings", heading: "Settings") [FAIL]</Text>
      </RunInfo>
      <RunInfo computerName="vm" outcome="Error" timestamp="2026-09-17T16:20:21.2723057+00:00">
        <Text>[xUnit.net 00:00:11.43]     Tawaka.Ui.Tests.ModuleRenderTests.Every_module_renders_from_its_route(route: "payroll", heading: "Payroll") [FAIL]</Text>
      </RunInfo>
      <RunInfo computerName="vm" outcome="Error" timestamp="2026-09-17T16:20:21.6026575+00:00">
        <Text>[xUnit.net 00:00:11.76]     Tawaka.Ui.Tests.ModuleRenderTests.Every_module_renders_from_its_route(route: "time-leave", heading: "Time") [FAIL]</Text>
      </RunInfo>
    </RunInfos>
  </ResultSummary>
</TestRun>